[0.747s] DEBUG:colcon:Command line arguments: ['/usr/bin/colcon', 'build', '--packages-select', 'cpp01_topic']
[0.747s] DEBUG:colcon:Parsed command line arguments: Namespace(log_base=None, log_level=None, verb_name='build', build_base='build', install_base='install', merge_install=False, symlink_install=False, test_result_base=None, continue_on_error=False, executor='parallel', parallel_workers=4, event_handlers=None, ignore_user_meta=False, metas=['./colcon.meta'], base_paths=['.'], packages_ignore=None, packages_ignore_regex=None, paths=None, packages_up_to=None, packages_up_to_regex=None, packages_above=None, packages_above_and_dependencies=None, packages_above_depth=None, packages_select_by_dep=None, packages_skip_by_dep=None, packages_skip_up_to=None, packages_select_build_failed=False, packages_skip_build_finished=False, packages_select_test_failures=False, packages_skip_test_passed=False, packages_select=['cpp01_topic'], packages_skip=None, packages_select_regex=None, packages_skip_regex=None, packages_start=None, packages_end=None, allow_overriding=[], cmake_args=None, cmake_target=None, cmake_target_skip_unavailable=False, cmake_clean_cache=False, cmake_clean_first=False, cmake_force_configure=False, ament_cmake_args=None, catkin_cmake_args=None, catkin_skip_building_tests=False, verb_parser=<colcon_defaults.argument_parser.defaults.DefaultArgumentsDecorator object at 0x7fef0c5c7070>, verb_extension=<colcon_core.verb.build.BuildVerb object at 0x7fef0cf22260>, main=<bound method BuildVerb.main of <colcon_core.verb.build.BuildVerb object at 0x7fef0cf22260>>)
[0.792s] Level 1:colcon.colcon_core.package_discovery:discover_packages(colcon_meta) check parameters
[0.793s] Level 1:colcon.colcon_core.package_discovery:discover_packages(recursive) check parameters
[0.793s] Level 1:colcon.colcon_core.package_discovery:discover_packages(ignore) check parameters
[0.793s] Level 1:colcon.colcon_core.package_discovery:discover_packages(path) check parameters
[0.793s] Level 1:colcon.colcon_core.package_discovery:discover_packages(colcon_meta) discover
[0.793s] Level 1:colcon.colcon_core.package_discovery:discover_packages(recursive) discover
[0.793s] INFO:colcon.colcon_core.package_discovery:Crawling recursively for packages in '/home/jiaxin/test2'
[0.794s] Level 1:colcon.colcon_core.package_identification:_identify(.) by extensions ['ignore', 'ignore_ament_install']
[0.794s] Level 1:colcon.colcon_core.package_identification:_identify(.) by extension 'ignore'
[0.794s] Level 1:colcon.colcon_core.package_identification:_identify(.) by extension 'ignore_ament_install'
[0.795s] Level 1:colcon.colcon_core.package_identification:_identify(.) by extensions ['colcon_pkg']
[0.795s] Level 1:colcon.colcon_core.package_identification:_identify(.) by extension 'colcon_pkg'
[0.795s] Level 1:colcon.colcon_core.package_identification:_identify(.) by extensions ['colcon_meta']
[0.795s] Level 1:colcon.colcon_core.package_identification:_identify(.) by extension 'colcon_meta'
[0.795s] Level 1:colcon.colcon_core.package_identification:_identify(.) by extensions ['ros']
[0.796s] Level 1:colcon.colcon_core.package_identification:_identify(.) by extension 'ros'
[0.865s] Level 1:colcon.colcon_core.package_identification:_identify(.) by extensions ['cmake', 'python']
[0.865s] Level 1:colcon.colcon_core.package_identification:_identify(.) by extension 'cmake'
[0.866s] Level 1:colcon.colcon_core.package_identification:_identify(.) by extension 'python'
[0.866s] Level 1:colcon.colcon_core.package_identification:_identify(.) by extensions ['python_setup_py']
[0.866s] Level 1:colcon.colcon_core.package_identification:_identify(.) by extension 'python_setup_py'
[0.866s] Level 1:colcon.colcon_core.package_identification:_identify(build) by extensions ['ignore', 'ignore_ament_install']
[0.867s] Level 1:colcon.colcon_core.package_identification:_identify(build) by extension 'ignore'
[0.867s] Level 1:colcon.colcon_core.package_identification:_identify(build) ignored
[0.867s] Level 1:colcon.colcon_core.package_identification:_identify(install) by extensions ['ignore', 'ignore_ament_install']
[0.868s] Level 1:colcon.colcon_core.package_identification:_identify(install) by extension 'ignore'
[0.868s] Level 1:colcon.colcon_core.package_identification:_identify(install) ignored
[0.868s] Level 1:colcon.colcon_core.package_identification:_identify(log) by extensions ['ignore', 'ignore_ament_install']
[0.869s] Level 1:colcon.colcon_core.package_identification:_identify(log) by extension 'ignore'
[0.869s] Level 1:colcon.colcon_core.package_identification:_identify(log) ignored
[0.869s] Level 1:colcon.colcon_core.package_identification:_identify(src) by extensions ['ignore', 'ignore_ament_install']
[0.870s] Level 1:colcon.colcon_core.package_identification:_identify(src) by extension 'ignore'
[0.870s] Level 1:colcon.colcon_core.package_identification:_identify(src) by extension 'ignore_ament_install'
[0.870s] Level 1:colcon.colcon_core.package_identification:_identify(src) by extensions ['colcon_pkg']
[0.870s] Level 1:colcon.colcon_core.package_identification:_identify(src) by extension 'colcon_pkg'
[0.871s] Level 1:colcon.colcon_core.package_identification:_identify(src) by extensions ['colcon_meta']
[0.871s] Level 1:colcon.colcon_core.package_identification:_identify(src) by extension 'colcon_meta'
[0.872s] Level 1:colcon.colcon_core.package_identification:_identify(src) by extensions ['ros']
[0.872s] Level 1:colcon.colcon_core.package_identification:_identify(src) by extension 'ros'
[0.872s] Level 1:colcon.colcon_core.package_identification:_identify(src) by extensions ['cmake', 'python']
[0.872s] Level 1:colcon.colcon_core.package_identification:_identify(src) by extension 'cmake'
[0.873s] Level 1:colcon.colcon_core.package_identification:_identify(src) by extension 'python'
[0.873s] Level 1:colcon.colcon_core.package_identification:_identify(src) by extensions ['python_setup_py']
[0.873s] Level 1:colcon.colcon_core.package_identification:_identify(src) by extension 'python_setup_py'
[0.874s] Level 1:colcon.colcon_core.package_identification:_identify(src/base_interfaces_demo) by extensions ['ignore', 'ignore_ament_install']
[0.874s] Level 1:colcon.colcon_core.package_identification:_identify(src/base_interfaces_demo) by extension 'ignore'
[0.874s] Level 1:colcon.colcon_core.package_identification:_identify(src/base_interfaces_demo) by extension 'ignore_ament_install'
[0.874s] Level 1:colcon.colcon_core.package_identification:_identify(src/base_interfaces_demo) by extensions ['colcon_pkg']
[0.874s] Level 1:colcon.colcon_core.package_identification:_identify(src/base_interfaces_demo) by extension 'colcon_pkg'
[0.875s] Level 1:colcon.colcon_core.package_identification:_identify(src/base_interfaces_demo) by extensions ['colcon_meta']
[0.875s] Level 1:colcon.colcon_core.package_identification:_identify(src/base_interfaces_demo) by extension 'colcon_meta'
[0.875s] Level 1:colcon.colcon_core.package_identification:_identify(src/base_interfaces_demo) by extensions ['ros']
[0.876s] Level 1:colcon.colcon_core.package_identification:_identify(src/base_interfaces_demo) by extension 'ros'
[0.881s] DEBUG:colcon.colcon_core.package_identification:Package 'src/base_interfaces_demo' with type 'ros.ament_cmake' and name 'base_interfaces_demo'
[0.881s] Level 1:colcon.colcon_core.package_identification:_identify(src/cpp01_topic) by extensions ['ignore', 'ignore_ament_install']
[0.882s] Level 1:colcon.colcon_core.package_identification:_identify(src/cpp01_topic) by extension 'ignore'
[0.882s] Level 1:colcon.colcon_core.package_identification:_identify(src/cpp01_topic) by extension 'ignore_ament_install'
[0.882s] Level 1:colcon.colcon_core.package_identification:_identify(src/cpp01_topic) by extensions ['colcon_pkg']
[0.882s] Level 1:colcon.colcon_core.package_identification:_identify(src/cpp01_topic) by extension 'colcon_pkg'
[0.883s] Level 1:colcon.colcon_core.package_identification:_identify(src/cpp01_topic) by extensions ['colcon_meta']
[0.883s] Level 1:colcon.colcon_core.package_identification:_identify(src/cpp01_topic) by extension 'colcon_meta'
[0.883s] Level 1:colcon.colcon_core.package_identification:_identify(src/cpp01_topic) by extensions ['ros']
[0.883s] Level 1:colcon.colcon_core.package_identification:_identify(src/cpp01_topic) by extension 'ros'
[0.884s] DEBUG:colcon.colcon_core.package_identification:Package 'src/cpp01_topic' with type 'ros.ament_cmake' and name 'cpp01_topic'
[0.884s] Level 1:colcon.colcon_core.package_discovery:discover_packages(recursive) using defaults
[0.885s] Level 1:colcon.colcon_core.package_discovery:discover_packages(ignore) discover
[0.885s] Level 1:colcon.colcon_core.package_discovery:discover_packages(ignore) using defaults
[0.885s] Level 1:colcon.colcon_core.package_discovery:discover_packages(path) discover
[0.885s] Level 1:colcon.colcon_core.package_discovery:discover_packages(path) using defaults
[0.956s] INFO:colcon.colcon_core.package_selection:Skipping not selected package 'base_interfaces_demo' in 'src/base_interfaces_demo'
[0.959s] Level 1:colcon.colcon_core.package_discovery:discover_packages(prefix_path) check parameters
[0.959s] Level 1:colcon.colcon_core.package_discovery:discover_packages(prefix_path) discover
[0.966s] DEBUG:colcon.colcon_installed_package_information.package_discovery:Found 2 installed packages in /home/jiaxin/test2/install
[0.971s] DEBUG:colcon.colcon_installed_package_information.package_discovery:Found 270 installed packages in /opt/ros/humble
[0.977s] Level 1:colcon.colcon_core.package_discovery:discover_packages(prefix_path) using defaults
[1.089s] Level 5:colcon.colcon_core.verb:set package 'cpp01_topic' build argument 'cmake_args' from command line to 'None'
[1.089s] Level 5:colcon.colcon_core.verb:set package 'cpp01_topic' build argument 'cmake_target' from command line to 'None'
[1.089s] Level 5:colcon.colcon_core.verb:set package 'cpp01_topic' build argument 'cmake_target_skip_unavailable' from command line to 'False'
[1.089s] Level 5:colcon.colcon_core.verb:set package 'cpp01_topic' build argument 'cmake_clean_cache' from command line to 'False'
[1.089s] Level 5:colcon.colcon_core.verb:set package 'cpp01_topic' build argument 'cmake_clean_first' from command line to 'False'
[1.089s] Level 5:colcon.colcon_core.verb:set package 'cpp01_topic' build argument 'cmake_force_configure' from command line to 'False'
[1.090s] Level 5:colcon.colcon_core.verb:set package 'cpp01_topic' build argument 'ament_cmake_args' from command line to 'None'
[1.090s] Level 5:colcon.colcon_core.verb:set package 'cpp01_topic' build argument 'catkin_cmake_args' from command line to 'None'
[1.090s] Level 5:colcon.colcon_core.verb:set package 'cpp01_topic' build argument 'catkin_skip_building_tests' from command line to 'False'
[1.090s] DEBUG:colcon.colcon_core.verb:Building package 'cpp01_topic' with the following arguments: {'ament_cmake_args': None, 'build_base': '/home/jiaxin/test2/build/cpp01_topic', 'catkin_cmake_args': None, 'catkin_skip_building_tests': False, 'cmake_args': None, 'cmake_clean_cache': False, 'cmake_clean_first': False, 'cmake_force_configure': False, 'cmake_target': None, 'cmake_target_skip_unavailable': False, 'install_base': '/home/jiaxin/test2/install/cpp01_topic', 'merge_install': False, 'path': '/home/jiaxin/test2/src/cpp01_topic', 'symlink_install': False, 'test_result_base': None}
[1.091s] INFO:colcon.colcon_core.executor:Executing jobs using 'parallel' executor
[1.096s] DEBUG:colcon.colcon_parallel_executor.executor.parallel:run_until_complete
[1.096s] INFO:colcon.colcon_ros.task.ament_cmake.build:Building ROS package in '/home/jiaxin/test2/src/cpp01_topic' with build type 'ament_cmake'
[1.096s] INFO:colcon.colcon_cmake.task.cmake.build:Building CMake package in '/home/jiaxin/test2/src/cpp01_topic'
[1.108s] INFO:colcon.colcon_core.plugin_system:Skipping extension 'colcon_core.shell.bat': Not used on non-Windows systems
[1.110s] INFO:colcon.colcon_core.shell:Skip shell extension 'powershell' for command environment: Not usable outside of PowerShell
[1.110s] DEBUG:colcon.colcon_core.shell:Skip shell extension 'dsv' for command environment
[1.283s] DEBUG:colcon.colcon_core.event_handler.log_command:Invoking command in '/home/jiaxin/test2/build/cpp01_topic': CMAKE_PREFIX_PATH=/home/jiaxin/test2/install/base_interfaces_demo:/home/jiaxin/test2/install/cpp01_topic:/opt/ros/humble /usr/bin/cmake --build /home/jiaxin/test2/build/cpp01_topic -- -j4 -l4
[18.808s] DEBUG:colcon.colcon_core.event_handler.log_command:Invoked command in '/home/jiaxin/test2/build/cpp01_topic' returned '0': CMAKE_PREFIX_PATH=/home/jiaxin/test2/install/base_interfaces_demo:/home/jiaxin/test2/install/cpp01_topic:/opt/ros/humble /usr/bin/cmake --build /home/jiaxin/test2/build/cpp01_topic -- -j4 -l4
[18.863s] DEBUG:colcon.colcon_core.event_handler.log_command:Invoking command in '/home/jiaxin/test2/build/cpp01_topic': CMAKE_PREFIX_PATH=/home/jiaxin/test2/install/base_interfaces_demo:/home/jiaxin/test2/install/cpp01_topic:/opt/ros/humble /usr/bin/cmake --install /home/jiaxin/test2/build/cpp01_topic
[18.986s] Level 1:colcon.colcon_core.environment:create_environment_scripts_only(cpp01_topic)
[18.991s] DEBUG:colcon.colcon_core.event_handler.log_command:Invoked command in '/home/jiaxin/test2/build/cpp01_topic' returned '0': CMAKE_PREFIX_PATH=/home/jiaxin/test2/install/base_interfaces_demo:/home/jiaxin/test2/install/cpp01_topic:/opt/ros/humble /usr/bin/cmake --install /home/jiaxin/test2/build/cpp01_topic
[18.995s] Level 1:colcon.colcon_core.environment:checking '/home/jiaxin/test2/install/cpp01_topic' for CMake module files
[18.997s] Level 1:colcon.colcon_core.environment:checking '/home/jiaxin/test2/install/cpp01_topic' for CMake config files
[18.997s] Level 1:colcon.colcon_core.shell:create_environment_hook('cpp01_topic', 'cmake_prefix_path')
[19.000s] INFO:colcon.colcon_core.shell:Creating environment hook '/home/jiaxin/test2/install/cpp01_topic/share/cpp01_topic/hook/cmake_prefix_path.ps1'
[19.001s] INFO:colcon.colcon_core.shell:Creating environment descriptor '/home/jiaxin/test2/install/cpp01_topic/share/cpp01_topic/hook/cmake_prefix_path.dsv'
[19.004s] INFO:colcon.colcon_core.shell:Creating environment hook '/home/jiaxin/test2/install/cpp01_topic/share/cpp01_topic/hook/cmake_prefix_path.sh'
[19.006s] Level 1:colcon.colcon_core.environment:checking '/home/jiaxin/test2/install/cpp01_topic/lib'
[19.006s] Level 1:colcon.colcon_core.environment:checking '/home/jiaxin/test2/install/cpp01_topic/bin'
[19.006s] Level 1:colcon.colcon_core.environment:checking '/home/jiaxin/test2/install/cpp01_topic/lib/pkgconfig/cpp01_topic.pc'
[19.007s] Level 1:colcon.colcon_core.environment:checking '/home/jiaxin/test2/install/cpp01_topic/lib/python3.10/site-packages'
[19.007s] Level 1:colcon.colcon_core.environment:checking '/home/jiaxin/test2/install/cpp01_topic/bin'
[19.009s] INFO:colcon.colcon_core.shell:Creating package script '/home/jiaxin/test2/install/cpp01_topic/share/cpp01_topic/package.ps1'
[19.010s] INFO:colcon.colcon_core.shell:Creating package descriptor '/home/jiaxin/test2/install/cpp01_topic/share/cpp01_topic/package.dsv'
[19.011s] INFO:colcon.colcon_core.shell:Creating package script '/home/jiaxin/test2/install/cpp01_topic/share/cpp01_topic/package.sh'
[19.012s] INFO:colcon.colcon_core.shell:Creating package script '/home/jiaxin/test2/install/cpp01_topic/share/cpp01_topic/package.bash'
[19.015s] INFO:colcon.colcon_core.shell:Creating package script '/home/jiaxin/test2/install/cpp01_topic/share/cpp01_topic/package.zsh'
[19.017s] Level 1:colcon.colcon_core.environment:create_file_with_runtime_dependencies(/home/jiaxin/test2/install/cpp01_topic/share/colcon-core/packages/cpp01_topic)
[19.058s] Level 1:colcon.colcon_core.environment:create_environment_scripts_only(cpp01_topic)
[19.061s] Level 1:colcon.colcon_core.environment:checking '/home/jiaxin/test2/install/cpp01_topic' for CMake module files
[19.061s] Level 1:colcon.colcon_core.environment:checking '/home/jiaxin/test2/install/cpp01_topic' for CMake config files
[19.062s] Level 1:colcon.colcon_core.shell:create_environment_hook('cpp01_topic', 'cmake_prefix_path')
[19.064s] INFO:colcon.colcon_core.shell:Creating environment hook '/home/jiaxin/test2/install/cpp01_topic/share/cpp01_topic/hook/cmake_prefix_path.ps1'
[19.065s] INFO:colcon.colcon_core.shell:Creating environment descriptor '/home/jiaxin/test2/install/cpp01_topic/share/cpp01_topic/hook/cmake_prefix_path.dsv'
[19.065s] INFO:colcon.colcon_core.shell:Creating environment hook '/home/jiaxin/test2/install/cpp01_topic/share/cpp01_topic/hook/cmake_prefix_path.sh'
[19.066s] Level 1:colcon.colcon_core.environment:checking '/home/jiaxin/test2/install/cpp01_topic/lib'
[19.067s] Level 1:colcon.colcon_core.environment:checking '/home/jiaxin/test2/install/cpp01_topic/bin'
[19.067s] Level 1:colcon.colcon_core.environment:checking '/home/jiaxin/test2/install/cpp01_topic/lib/pkgconfig/cpp01_topic.pc'
[19.067s] Level 1:colcon.colcon_core.environment:checking '/home/jiaxin/test2/install/cpp01_topic/lib/python3.10/site-packages'
[19.068s] Level 1:colcon.colcon_core.environment:checking '/home/jiaxin/test2/install/cpp01_topic/bin'
[19.069s] INFO:colcon.colcon_core.shell:Creating package script '/home/jiaxin/test2/install/cpp01_topic/share/cpp01_topic/package.ps1'
[19.070s] INFO:colcon.colcon_core.shell:Creating package descriptor '/home/jiaxin/test2/install/cpp01_topic/share/cpp01_topic/package.dsv'
[19.071s] INFO:colcon.colcon_core.shell:Creating package script '/home/jiaxin/test2/install/cpp01_topic/share/cpp01_topic/package.sh'
[19.072s] INFO:colcon.colcon_core.shell:Creating package script '/home/jiaxin/test2/install/cpp01_topic/share/cpp01_topic/package.bash'
[19.073s] INFO:colcon.colcon_core.shell:Creating package script '/home/jiaxin/test2/install/cpp01_topic/share/cpp01_topic/package.zsh'
[19.073s] Level 1:colcon.colcon_core.environment:create_file_with_runtime_dependencies(/home/jiaxin/test2/install/cpp01_topic/share/colcon-core/packages/cpp01_topic)
[19.074s] DEBUG:colcon.colcon_parallel_executor.executor.parallel:closing loop
[19.075s] DEBUG:colcon.colcon_parallel_executor.executor.parallel:loop closed
[19.076s] DEBUG:colcon.colcon_parallel_executor.executor.parallel:run_until_complete finished with '0'
[19.076s] DEBUG:colcon.colcon_core.event_reactor:joining thread
[19.171s] INFO:colcon.colcon_core.plugin_system:Skipping extension 'colcon_notification.desktop_notification.notify_send': Could not find 'notify-send'
[19.171s] INFO:colcon.colcon_core.plugin_system:Skipping extension 'colcon_notification.desktop_notification.terminal_notifier': Not used on non-Darwin systems
[19.172s] INFO:colcon.colcon_core.plugin_system:Skipping extension 'colcon_notification.desktop_notification.win32': Not used on non-Windows systems
[19.172s] INFO:colcon.colcon_notification.desktop_notification:Sending desktop notification using 'notify2'
[19.229s] DEBUG:colcon.colcon_notification.desktop_notification.notify2:Failed to initialize notify2: org.freedesktop.DBus.Error.ServiceUnknown: The name org.freedesktop.Notifications was not provided by any .service files
[19.231s] DEBUG:colcon.colcon_core.event_reactor:joined thread
[19.240s] INFO:colcon.colcon_core.shell:Creating prefix script '/home/jiaxin/test2/install/local_setup.ps1'
[19.243s] INFO:colcon.colcon_core.shell:Creating prefix util module '/home/jiaxin/test2/install/_local_setup_util_ps1.py'
[19.246s] INFO:colcon.colcon_core.shell:Creating prefix chain script '/home/jiaxin/test2/install/setup.ps1'
[19.249s] INFO:colcon.colcon_core.shell:Creating prefix script '/home/jiaxin/test2/install/local_setup.sh'
[19.250s] INFO:colcon.colcon_core.shell:Creating prefix util module '/home/jiaxin/test2/install/_local_setup_util_sh.py'
[19.251s] INFO:colcon.colcon_core.shell:Creating prefix chain script '/home/jiaxin/test2/install/setup.sh'
[19.253s] INFO:colcon.colcon_core.shell:Creating prefix script '/home/jiaxin/test2/install/local_setup.bash'
[19.254s] INFO:colcon.colcon_core.shell:Creating prefix chain script '/home/jiaxin/test2/install/setup.bash'
[19.256s] INFO:colcon.colcon_core.shell:Creating prefix script '/home/jiaxin/test2/install/local_setup.zsh'
[19.257s] INFO:colcon.colcon_core.shell:Creating prefix chain script '/home/jiaxin/test2/install/setup.zsh'
