[0.155s] Invoking command in '/home/jiaxin/test2/build/cpp01_topic': CMAKE_PREFIX_PATH=/home/jiaxin/test2/install/base_interfaces_demo:/home/jiaxin/test2/install/cpp01_topic:/opt/ros/humble /usr/bin/cmake --build /home/jiaxin/test2/build/cpp01_topic -- -j4 -l4
[0.208s] [35m[1mConsolidate compiler generated dependencies of target demo01_talker[0m
[0.212s] [35m[1mConsolidate compiler generated dependencies of target demo02_transfer[0m
[0.235s] [ 16%] [32mBuilding CXX object CMakeFiles/demo03_listener.dir/src/demo03_listener.cpp.o[0m
[0.239s] [ 50%] Built target demo01_talker
[0.247s] [ 83%] Built target demo02_transfer
[4.261s] In file included from [01m[K/opt/ros/humble/include/rclcpp/rclcpp/logging.hpp:24[m[K,
[4.261s]                  from [01m[K/opt/ros/humble/include/rclcpp/rclcpp/client.hpp:40[m[K,
[4.262s]                  from [01m[K/opt/ros/humble/include/rclcpp/rclcpp/callback_group.hpp:23[m[K,
[4.262s]                  from [01m[K/opt/ros/humble/include/rclcpp/rclcpp/any_executable.hpp:20[m[K,
[4.262s]                  from [01m[K/opt/ros/humble/include/rclcpp/rclcpp/memory_strategy.hpp:25[m[K,
[4.262s]                  from [01m[K/opt/ros/humble/include/rclcpp/rclcpp/memory_strategies.hpp:18[m[K,
[4.262s]                  from [01m[K/opt/ros/humble/include/rclcpp/rclcpp/executor_options.hpp:20[m[K,
[4.262s]                  from [01m[K/opt/ros/humble/include/rclcpp/rclcpp/executor.hpp:37[m[K,
[4.262s]                  from [01m[K/opt/ros/humble/include/rclcpp/rclcpp/executors/multi_threaded_executor.hpp:25[m[K,
[4.263s]                  from [01m[K/opt/ros/humble/include/rclcpp/rclcpp/executors.hpp:21[m[K,
[4.263s]                  from [01m[K/opt/ros/humble/include/rclcpp/rclcpp/rclcpp.hpp:155[m[K,
[4.263s]                  from [01m[K/home/jiaxin/test2/src/cpp01_topic/src/demo03_listener.cpp:6[m[K:
[4.263s] [01m[K/home/jiaxin/test2/src/cpp01_topic/src/demo03_listener.cpp:[m[K In member function ‘[01m[Kvoid ListenerOut::do_cb(const OutputIPARAAPIFnct&) const[m[K’:
[4.263s] [01m[K/home/jiaxin/test2/src/cpp01_topic/src/demo03_listener.cpp:26:111:[m[K [01;31m[Kerror: [m[K‘[01m[Kconst OutputIPARAAPIFnct[m[K’ {aka ‘[01m[Kconst struct base_interfaces_demo::msg::OutputIPARAAPIFnct_<std::allocator<void> >[m[K’} has no member named ‘[01m[Kchange_gear_position[m[K’
[4.263s]    26 |       RCLCPP_INFO(this->get_logger(), "Output:change_gear_position=%d,accel_des=%d,steering_angle=%d", output.[01;31m[Kchange_gear_position[m[K,output.accel_des,output.steering_angle);
[4.264s]       |                                                                                                               [01;31m[K^~~~~~~~~~~~~~~~~~~~[m[K
[4.264s] [01m[K/home/jiaxin/test2/src/cpp01_topic/src/demo03_listener.cpp:26:139:[m[K [01;31m[Kerror: [m[K‘[01m[Kconst OutputIPARAAPIFnct[m[K’ {aka ‘[01m[Kconst struct base_interfaces_demo::msg::OutputIPARAAPIFnct_<std::allocator<void> >[m[K’} has no member named ‘[01m[Kaccel_des[m[K’
[4.264s]    26 |       RCLCPP_INFO(this->get_logger(), "Output:change_gear_position=%d,accel_des=%d,steering_angle=%d", output.change_gear_position,output.[01;31m[Kaccel_des[m[K,output.steering_angle);
[4.264s]       |                                                                                                                                           [01;31m[K^~~~~~~~~[m[K
[4.264s] [01m[K/home/jiaxin/test2/src/cpp01_topic/src/demo03_listener.cpp:26:156:[m[K [01;31m[Kerror: [m[K‘[01m[Kconst OutputIPARAAPIFnct[m[K’ {aka ‘[01m[Kconst struct base_interfaces_demo::msg::OutputIPARAAPIFnct_<std::allocator<void> >[m[K’} has no member named ‘[01m[Ksteering_angle[m[K’
[4.264s]    26 |       RCLCPP_INFO(this->get_logger(), "Output:change_gear_position=%d,accel_des=%d,steering_angle=%d", output.change_gear_position,output.accel_des,output.[01;31m[Ksteering_angle[m[K);
[4.265s]       |                                                                                                                                                            [01;31m[K^~~~~~~~~~~~~~[m[K
[8.609s] gmake[2]: *** [CMakeFiles/demo03_listener.dir/build.make:76: CMakeFiles/demo03_listener.dir/src/demo03_listener.cpp.o] Error 1
[8.609s] gmake[1]: *** [CMakeFiles/Makefile2:193: CMakeFiles/demo03_listener.dir/all] Error 2
[8.609s] gmake: *** [Makefile:146: all] Error 2
[8.612s] Invoked command in '/home/jiaxin/test2/build/cpp01_topic' returned '2': CMAKE_PREFIX_PATH=/home/jiaxin/test2/install/base_interfaces_demo:/home/jiaxin/test2/install/cpp01_topic:/opt/ros/humble /usr/bin/cmake --build /home/jiaxin/test2/build/cpp01_topic -- -j4 -l4
