[0.158s] Invoking command in '/home/jiaxin/test2/build/cpp01_topic': CMAKE_PREFIX_PATH=/home/jiaxin/test2/install/base_interfaces_demo:/home/jiaxin/test2/install/cpp01_topic:/opt/ros/humble /usr/bin/cmake --build /home/jiaxin/test2/build/cpp01_topic -- -j4 -l4
[0.186s] -- Found ament_cmake: 1.3.2 (/opt/ros/humble/share/ament_cmake/cmake)
[0.451s] -- Found rclcpp: 16.0.1 (/opt/ros/humble/share/rclcpp/cmake)
[0.717s] -- Found rosidl_generator_c: 3.1.3 (/opt/ros/humble/share/rosidl_generator_c/cmake)
[0.720s] -- Found rosidl_adapter: 3.1.3 (/opt/ros/humble/share/rosidl_adapter/cmake)
[0.730s] -- Found rosidl_generator_cpp: 3.1.3 (/opt/ros/humble/share/rosidl_generator_cpp/cmake)
[0.750s] -- Using all available rosidl_typesupport_c: rosidl_typesupport_fastrtps_c;rosidl_typesupport_introspection_c
[0.779s] -- Using all available rosidl_typesupport_cpp: rosidl_typesupport_fastrtps_cpp;rosidl_typesupport_introspection_cpp
[0.901s] -- Found rmw_implementation_cmake: 6.1.0 (/opt/ros/humble/share/rmw_implementation_cmake/cmake)
[0.904s] -- Found rmw_fastrtps_cpp: 6.2.1 (/opt/ros/humble/share/rmw_fastrtps_cpp/cmake)
[8.279s] -- Using RMW implementation 'rmw_fastrtps_cpp' as default
[8.585s] -- Found base_interfaces_demo: 0.0.0 (/home/jiaxin/test2/install/base_interfaces_demo/share/base_interfaces_demo/cmake)
[8.697s] -- Found ament_lint_auto: 0.12.4 (/opt/ros/humble/share/ament_lint_auto/cmake)
[8.811s] -- Added test 'cppcheck' to perform static code analysis on C / C++ code
[8.811s] -- Configured cppcheck include dirs: 
[8.812s] -- Configured cppcheck exclude dirs and/or files: 
[8.814s] -- Added test 'lint_cmake' to check CMake code style
[8.815s] -- Added test 'uncrustify' to check C / C++ code style
[8.816s] -- Configured uncrustify additional arguments: 
[8.816s] -- Added test 'xmllint' to check XML markup files
[8.818s] -- Configuring done
[8.864s] -- Generating done
[8.873s] -- Build files have been written to: /home/jiaxin/test2/build/cpp01_topic
[8.908s] [35m[1mConsolidate compiler generated dependencies of target demo02_transfer[0m
[8.909s] [35m[1mConsolidate compiler generated dependencies of target demo01_talker[0m
[8.919s] [35m[1mConsolidate compiler generated dependencies of target demo04_test_pub[0m
[8.928s] [35m[1mConsolidate compiler generated dependencies of target demo03_listener[0m
[8.962s] [ 20%] Built target demo02_transfer
[8.964s] [ 40%] Built target demo03_listener
[8.969s] [ 60%] Built target demo01_talker
[8.970s] [ 70%] [32m[1mLinking CXX executable demo04_test_pub[0m
[8.982s] [35m[1mConsolidate compiler generated dependencies of target demo05_test_sub[0m
[9.013s] [ 80%] [32m[1mLinking CXX executable demo05_test_sub[0m
[9.563s] [ 90%] Built target demo04_test_pub
[9.592s] [100%] Built target demo05_test_sub
[9.611s] Invoked command in '/home/jiaxin/test2/build/cpp01_topic' returned '0': CMAKE_PREFIX_PATH=/home/jiaxin/test2/install/base_interfaces_demo:/home/jiaxin/test2/install/cpp01_topic:/opt/ros/humble /usr/bin/cmake --build /home/jiaxin/test2/build/cpp01_topic -- -j4 -l4
[9.695s] Invoking command in '/home/jiaxin/test2/build/cpp01_topic': CMAKE_PREFIX_PATH=/home/jiaxin/test2/install/base_interfaces_demo:/home/jiaxin/test2/install/cpp01_topic:/opt/ros/humble /usr/bin/cmake --install /home/jiaxin/test2/build/cpp01_topic
[9.704s] -- Install configuration: ""
[9.706s] -- Up-to-date: /home/jiaxin/test2/install/cpp01_topic/lib/cpp01_topic/demo01_talker
[9.707s] -- Up-to-date: /home/jiaxin/test2/install/cpp01_topic/lib/cpp01_topic/demo02_transfer
[9.708s] -- Up-to-date: /home/jiaxin/test2/install/cpp01_topic/lib/cpp01_topic/demo03_listener
[9.708s] -- Installing: /home/jiaxin/test2/install/cpp01_topic/lib/cpp01_topic/demo04_test_pub
[9.711s] -- Set runtime path of "/home/jiaxin/test2/install/cpp01_topic/lib/cpp01_topic/demo04_test_pub" to ""
[9.711s] -- Installing: /home/jiaxin/test2/install/cpp01_topic/lib/cpp01_topic/demo05_test_sub
[9.714s] -- Set runtime path of "/home/jiaxin/test2/install/cpp01_topic/lib/cpp01_topic/demo05_test_sub" to ""
[9.715s] -- Up-to-date: /home/jiaxin/test2/install/cpp01_topic/share/ament_index/resource_index/package_run_dependencies/cpp01_topic
[9.715s] -- Up-to-date: /home/jiaxin/test2/install/cpp01_topic/share/ament_index/resource_index/parent_prefix_path/cpp01_topic
[9.715s] -- Up-to-date: /home/jiaxin/test2/install/cpp01_topic/share/cpp01_topic/environment/ament_prefix_path.sh
[9.715s] -- Installing: /home/jiaxin/test2/install/cpp01_topic/share/cpp01_topic/environment/ament_prefix_path.dsv
[9.715s] -- Up-to-date: /home/jiaxin/test2/install/cpp01_topic/share/cpp01_topic/environment/path.sh
[9.716s] -- Installing: /home/jiaxin/test2/install/cpp01_topic/share/cpp01_topic/environment/path.dsv
[9.718s] -- Up-to-date: /home/jiaxin/test2/install/cpp01_topic/share/cpp01_topic/local_setup.bash
[9.719s] -- Up-to-date: /home/jiaxin/test2/install/cpp01_topic/share/cpp01_topic/local_setup.sh
[9.721s] -- Up-to-date: /home/jiaxin/test2/install/cpp01_topic/share/cpp01_topic/local_setup.zsh
[9.723s] -- Installing: /home/jiaxin/test2/install/cpp01_topic/share/cpp01_topic/local_setup.dsv
[9.725s] -- Installing: /home/jiaxin/test2/install/cpp01_topic/share/cpp01_topic/package.dsv
[9.727s] -- Up-to-date: /home/jiaxin/test2/install/cpp01_topic/share/ament_index/resource_index/packages/cpp01_topic
[9.729s] -- Up-to-date: /home/jiaxin/test2/install/cpp01_topic/share/cpp01_topic/cmake/cpp01_topicConfig.cmake
[9.731s] -- Up-to-date: /home/jiaxin/test2/install/cpp01_topic/share/cpp01_topic/cmake/cpp01_topicConfig-version.cmake
[9.733s] -- Up-to-date: /home/jiaxin/test2/install/cpp01_topic/share/cpp01_topic/package.xml
[9.734s] Invoked command in '/home/jiaxin/test2/build/cpp01_topic' returned '0': CMAKE_PREFIX_PATH=/home/jiaxin/test2/install/base_interfaces_demo:/home/jiaxin/test2/install/cpp01_topic:/opt/ros/humble /usr/bin/cmake --install /home/jiaxin/test2/build/cpp01_topic
