[0.218s] Invoking command in '/home/jiaxin/test2/build/cpp01_topic': AMENT_PREFIX_PATH=/home/jiaxin/test2/install/base_interfaces_demo:${AMENT_PREFIX_PATH} CMAKE_PREFIX_PATH=/home/jiaxin/test2/install/base_interfaces_demo:/opt/ros/humble LD_LIBRARY_PATH=/home/jiaxin/test2/install/base_interfaces_demo/lib:${LD_LIBRARY_PATH} PYTHONPATH=/home/jiaxin/test2/install/base_interfaces_demo/local/lib/python3.10/dist-packages:${PYTHONPATH} /usr/bin/cmake --build /home/jiaxin/test2/build/cpp01_topic -- -j4 -l4
[0.359s] [35m[1mConsolidate compiler generated dependencies of target demo03_listener[0m
[0.391s] [ 33%] Built target demo02_transfer
[0.401s] [ 50%] [32mBuilding CXX object CMakeFiles/demo01_talker.dir/src/demo01_talker.cpp.o[0m
[0.440s] [ 83%] Built target demo03_listener
[10.915s] [100%] [32m[1mLinking CXX executable demo01_talker[0m
[11.568s] [100%] Built target demo01_talker
[11.586s] Invoked command in '/home/jiaxin/test2/build/cpp01_topic' returned '0': AMENT_PREFIX_PATH=/home/jiaxin/test2/install/base_interfaces_demo:${AMENT_PREFIX_PATH} CMAKE_PREFIX_PATH=/home/jiaxin/test2/install/base_interfaces_demo:/opt/ros/humble LD_LIBRARY_PATH=/home/jiaxin/test2/install/base_interfaces_demo/lib:${LD_LIBRARY_PATH} PYTHONPATH=/home/jiaxin/test2/install/base_interfaces_demo/local/lib/python3.10/dist-packages:${PYTHONPATH} /usr/bin/cmake --build /home/jiaxin/test2/build/cpp01_topic -- -j4 -l4
[11.649s] Invoking command in '/home/jiaxin/test2/build/cpp01_topic': AMENT_PREFIX_PATH=/home/jiaxin/test2/install/base_interfaces_demo:${AMENT_PREFIX_PATH} CMAKE_PREFIX_PATH=/home/jiaxin/test2/install/base_interfaces_demo:/opt/ros/humble LD_LIBRARY_PATH=/home/jiaxin/test2/install/base_interfaces_demo/lib:${LD_LIBRARY_PATH} PYTHONPATH=/home/jiaxin/test2/install/base_interfaces_demo/local/lib/python3.10/dist-packages:${PYTHONPATH} /usr/bin/cmake --install /home/jiaxin/test2/build/cpp01_topic
[11.659s] -- Install configuration: ""
[11.661s] -- Installing: /home/jiaxin/test2/install/cpp01_topic/lib/cpp01_topic/demo01_talker
[11.687s] -- Set runtime path of "/home/jiaxin/test2/install/cpp01_topic/lib/cpp01_topic/demo01_talker" to ""
[11.688s] -- Up-to-date: /home/jiaxin/test2/install/cpp01_topic/lib/cpp01_topic/demo02_transfer
[11.690s] -- Up-to-date: /home/jiaxin/test2/install/cpp01_topic/lib/cpp01_topic/demo03_listener
[11.691s] -- Up-to-date: /home/jiaxin/test2/install/cpp01_topic/share/ament_index/resource_index/package_run_dependencies/cpp01_topic
[11.692s] -- Up-to-date: /home/jiaxin/test2/install/cpp01_topic/share/ament_index/resource_index/parent_prefix_path/cpp01_topic
[11.692s] -- Up-to-date: /home/jiaxin/test2/install/cpp01_topic/share/cpp01_topic/environment/ament_prefix_path.sh
[11.693s] -- Up-to-date: /home/jiaxin/test2/install/cpp01_topic/share/cpp01_topic/environment/ament_prefix_path.dsv
[11.693s] -- Up-to-date: /home/jiaxin/test2/install/cpp01_topic/share/cpp01_topic/environment/path.sh
[11.693s] -- Up-to-date: /home/jiaxin/test2/install/cpp01_topic/share/cpp01_topic/environment/path.dsv
[11.694s] -- Up-to-date: /home/jiaxin/test2/install/cpp01_topic/share/cpp01_topic/local_setup.bash
[11.694s] -- Up-to-date: /home/jiaxin/test2/install/cpp01_topic/share/cpp01_topic/local_setup.sh
[11.694s] -- Up-to-date: /home/jiaxin/test2/install/cpp01_topic/share/cpp01_topic/local_setup.zsh
[11.695s] -- Up-to-date: /home/jiaxin/test2/install/cpp01_topic/share/cpp01_topic/local_setup.dsv
[11.695s] -- Installing: /home/jiaxin/test2/install/cpp01_topic/share/cpp01_topic/package.dsv
[11.696s] -- Up-to-date: /home/jiaxin/test2/install/cpp01_topic/share/ament_index/resource_index/packages/cpp01_topic
[11.696s] -- Up-to-date: /home/jiaxin/test2/install/cpp01_topic/share/cpp01_topic/cmake/cpp01_topicConfig.cmake
[11.697s] -- Up-to-date: /home/jiaxin/test2/install/cpp01_topic/share/cpp01_topic/cmake/cpp01_topicConfig-version.cmake
[11.697s] -- Up-to-date: /home/jiaxin/test2/install/cpp01_topic/share/cpp01_topic/package.xml
[11.702s] Invoked command in '/home/jiaxin/test2/build/cpp01_topic' returned '0': AMENT_PREFIX_PATH=/home/jiaxin/test2/install/base_interfaces_demo:${AMENT_PREFIX_PATH} CMAKE_PREFIX_PATH=/home/jiaxin/test2/install/base_interfaces_demo:/opt/ros/humble LD_LIBRARY_PATH=/home/jiaxin/test2/install/base_interfaces_demo/lib:${LD_LIBRARY_PATH} PYTHONPATH=/home/jiaxin/test2/install/base_interfaces_demo/local/lib/python3.10/dist-packages:${PYTHONPATH} /usr/bin/cmake --install /home/jiaxin/test2/build/cpp01_topic
