[0.158s] Invoking command in '/home/jiaxin/test2/build/cpp01_topic': CMAKE_PREFIX_PATH=/home/jiaxin/test2/install/base_interfaces_demo:/home/jiaxin/test2/install/cpp01_topic:/opt/ros/humble /usr/bin/cmake --build /home/jiaxin/test2/build/cpp01_topic -- -j4 -l4
[0.217s] [35m[1mConsolidate compiler generated dependencies of target demo01_talker[0m
[0.236s] [ 33%] Built target demo03_listener
[0.244s] [ 66%] Built target demo02_transfer
[0.248s] [ 83%] [32mBuilding CXX object CMakeFiles/demo01_talker.dir/src/demo01_talker.cpp.o[0m
[7.368s] [100%] [32m[1mLinking CXX executable demo01_talker[0m
[7.837s] [100%] Built target demo01_talker
[7.865s] Invoked command in '/home/jiaxin/test2/build/cpp01_topic' returned '0': CMAKE_PREFIX_PATH=/home/jiaxin/test2/install/base_interfaces_demo:/home/jiaxin/test2/install/cpp01_topic:/opt/ros/humble /usr/bin/cmake --build /home/jiaxin/test2/build/cpp01_topic -- -j4 -l4
[7.941s] Invoking command in '/home/jiaxin/test2/build/cpp01_topic': CMAKE_PREFIX_PATH=/home/jiaxin/test2/install/base_interfaces_demo:/home/jiaxin/test2/install/cpp01_topic:/opt/ros/humble /usr/bin/cmake --install /home/jiaxin/test2/build/cpp01_topic
[7.947s] -- Install configuration: ""
[7.947s] -- Installing: /home/jiaxin/test2/install/cpp01_topic/lib/cpp01_topic/demo01_talker
[7.953s] -- Set runtime path of "/home/jiaxin/test2/install/cpp01_topic/lib/cpp01_topic/demo01_talker" to ""
[7.954s] -- Up-to-date: /home/jiaxin/test2/install/cpp01_topic/lib/cpp01_topic/demo02_transfer
[7.956s] -- Up-to-date: /home/jiaxin/test2/install/cpp01_topic/lib/cpp01_topic/demo03_listener
[7.956s] -- Up-to-date: /home/jiaxin/test2/install/cpp01_topic/share/ament_index/resource_index/package_run_dependencies/cpp01_topic
[7.956s] -- Up-to-date: /home/jiaxin/test2/install/cpp01_topic/share/ament_index/resource_index/parent_prefix_path/cpp01_topic
[7.957s] -- Up-to-date: /home/jiaxin/test2/install/cpp01_topic/share/cpp01_topic/environment/ament_prefix_path.sh
[7.957s] -- Up-to-date: /home/jiaxin/test2/install/cpp01_topic/share/cpp01_topic/environment/ament_prefix_path.dsv
[7.957s] -- Up-to-date: /home/jiaxin/test2/install/cpp01_topic/share/cpp01_topic/environment/path.sh
[7.957s] -- Up-to-date: /home/jiaxin/test2/install/cpp01_topic/share/cpp01_topic/environment/path.dsv
[7.957s] -- Up-to-date: /home/jiaxin/test2/install/cpp01_topic/share/cpp01_topic/local_setup.bash
[7.958s] -- Up-to-date: /home/jiaxin/test2/install/cpp01_topic/share/cpp01_topic/local_setup.sh
[7.958s] -- Up-to-date: /home/jiaxin/test2/install/cpp01_topic/share/cpp01_topic/local_setup.zsh
[7.958s] -- Up-to-date: /home/jiaxin/test2/install/cpp01_topic/share/cpp01_topic/local_setup.dsv
[7.958s] -- Installing: /home/jiaxin/test2/install/cpp01_topic/share/cpp01_topic/package.dsv
[7.958s] -- Up-to-date: /home/jiaxin/test2/install/cpp01_topic/share/ament_index/resource_index/packages/cpp01_topic
[7.958s] -- Up-to-date: /home/jiaxin/test2/install/cpp01_topic/share/cpp01_topic/cmake/cpp01_topicConfig.cmake
[7.958s] -- Up-to-date: /home/jiaxin/test2/install/cpp01_topic/share/cpp01_topic/cmake/cpp01_topicConfig-version.cmake
[7.959s] -- Up-to-date: /home/jiaxin/test2/install/cpp01_topic/share/cpp01_topic/package.xml
[7.961s] Invoked command in '/home/jiaxin/test2/build/cpp01_topic' returned '0': CMAKE_PREFIX_PATH=/home/jiaxin/test2/install/base_interfaces_demo:/home/jiaxin/test2/install/cpp01_topic:/opt/ros/humble /usr/bin/cmake --install /home/jiaxin/test2/build/cpp01_topic
