[0.175s] Invoking command in '/home/jiaxin/test2/build/cpp01_topic': AMENT_PREFIX_PATH=/home/jiaxin/test2/install/base_interfaces_demo:${AMENT_PREFIX_PATH} CMAKE_PREFIX_PATH=/home/jiaxin/test2/install/base_interfaces_demo:/opt/ros/humble LD_LIBRARY_PATH=/home/jiaxin/test2/install/base_interfaces_demo/lib:${LD_LIBRARY_PATH} PYTHONPATH=/home/jiaxin/test2/install/base_interfaces_demo/local/lib/python3.10/dist-packages:${PYTHONPATH} /usr/bin/cmake --build /home/jiaxin/test2/build/cpp01_topic -- -j4 -l4
[0.366s] [35m[1mConsolidate compiler generated dependencies of target demo02_transfer[0m
[0.389s] [ 16%] [32mBuilding CXX object CMakeFiles/demo03_listener.dir/src/demo03_listener.cpp.o[0m
[0.389s] [ 33%] [32mBuilding CXX object CMakeFiles/demo01_talker.dir/src/demo01_talker.cpp.o[0m
[0.400s] [ 50%] [32mBuilding CXX object CMakeFiles/demo02_transfer.dir/src/demo02_transfer.cpp.o[0m
[12.717s] [ 66%] [32m[1mLinking CXX executable demo01_talker[0m
[13.836s] [ 66%] Built target demo01_talker
[20.120s] [ 83%] [32m[1mLinking CXX executable demo03_listener[0m
[20.901s] [100%] [32m[1mLinking CXX executable demo02_transfer[0m
[21.095s] [100%] Built target demo03_listener
[21.788s] [100%] Built target demo02_transfer
[21.805s] Invoked command in '/home/jiaxin/test2/build/cpp01_topic' returned '0': AMENT_PREFIX_PATH=/home/jiaxin/test2/install/base_interfaces_demo:${AMENT_PREFIX_PATH} CMAKE_PREFIX_PATH=/home/jiaxin/test2/install/base_interfaces_demo:/opt/ros/humble LD_LIBRARY_PATH=/home/jiaxin/test2/install/base_interfaces_demo/lib:${LD_LIBRARY_PATH} PYTHONPATH=/home/jiaxin/test2/install/base_interfaces_demo/local/lib/python3.10/dist-packages:${PYTHONPATH} /usr/bin/cmake --build /home/jiaxin/test2/build/cpp01_topic -- -j4 -l4
[21.854s] Invoking command in '/home/jiaxin/test2/build/cpp01_topic': AMENT_PREFIX_PATH=/home/jiaxin/test2/install/base_interfaces_demo:${AMENT_PREFIX_PATH} CMAKE_PREFIX_PATH=/home/jiaxin/test2/install/base_interfaces_demo:/opt/ros/humble LD_LIBRARY_PATH=/home/jiaxin/test2/install/base_interfaces_demo/lib:${LD_LIBRARY_PATH} PYTHONPATH=/home/jiaxin/test2/install/base_interfaces_demo/local/lib/python3.10/dist-packages:${PYTHONPATH} /usr/bin/cmake --install /home/jiaxin/test2/build/cpp01_topic
[21.874s] -- Install configuration: ""
[21.880s] -- Installing: /home/jiaxin/test2/install/cpp01_topic/lib/cpp01_topic/demo01_talker
[21.885s] -- Set runtime path of "/home/jiaxin/test2/install/cpp01_topic/lib/cpp01_topic/demo01_talker" to ""
[21.887s] -- Installing: /home/jiaxin/test2/install/cpp01_topic/lib/cpp01_topic/demo02_transfer
[21.896s] -- Set runtime path of "/home/jiaxin/test2/install/cpp01_topic/lib/cpp01_topic/demo02_transfer" to ""
[21.899s] -- Installing: /home/jiaxin/test2/install/cpp01_topic/lib/cpp01_topic/demo03_listener
[21.904s] -- Set runtime path of "/home/jiaxin/test2/install/cpp01_topic/lib/cpp01_topic/demo03_listener" to ""
[21.905s] -- Up-to-date: /home/jiaxin/test2/install/cpp01_topic/share/ament_index/resource_index/package_run_dependencies/cpp01_topic
[21.905s] -- Up-to-date: /home/jiaxin/test2/install/cpp01_topic/share/ament_index/resource_index/parent_prefix_path/cpp01_topic
[21.906s] -- Up-to-date: /home/jiaxin/test2/install/cpp01_topic/share/cpp01_topic/environment/ament_prefix_path.sh
[21.906s] -- Up-to-date: /home/jiaxin/test2/install/cpp01_topic/share/cpp01_topic/environment/ament_prefix_path.dsv
[21.906s] -- Up-to-date: /home/jiaxin/test2/install/cpp01_topic/share/cpp01_topic/environment/path.sh
[21.906s] -- Up-to-date: /home/jiaxin/test2/install/cpp01_topic/share/cpp01_topic/environment/path.dsv
[21.906s] -- Up-to-date: /home/jiaxin/test2/install/cpp01_topic/share/cpp01_topic/local_setup.bash
[21.906s] -- Up-to-date: /home/jiaxin/test2/install/cpp01_topic/share/cpp01_topic/local_setup.sh
[21.907s] -- Up-to-date: /home/jiaxin/test2/install/cpp01_topic/share/cpp01_topic/local_setup.zsh
[21.907s] -- Up-to-date: /home/jiaxin/test2/install/cpp01_topic/share/cpp01_topic/local_setup.dsv
[21.907s] -- Installing: /home/jiaxin/test2/install/cpp01_topic/share/cpp01_topic/package.dsv
[21.909s] -- Up-to-date: /home/jiaxin/test2/install/cpp01_topic/share/ament_index/resource_index/packages/cpp01_topic
[21.909s] -- Up-to-date: /home/jiaxin/test2/install/cpp01_topic/share/cpp01_topic/cmake/cpp01_topicConfig.cmake
[21.909s] -- Up-to-date: /home/jiaxin/test2/install/cpp01_topic/share/cpp01_topic/cmake/cpp01_topicConfig-version.cmake
[21.909s] -- Up-to-date: /home/jiaxin/test2/install/cpp01_topic/share/cpp01_topic/package.xml
[21.915s] Invoked command in '/home/jiaxin/test2/build/cpp01_topic' returned '0': AMENT_PREFIX_PATH=/home/jiaxin/test2/install/base_interfaces_demo:${AMENT_PREFIX_PATH} CMAKE_PREFIX_PATH=/home/jiaxin/test2/install/base_interfaces_demo:/opt/ros/humble LD_LIBRARY_PATH=/home/jiaxin/test2/install/base_interfaces_demo/lib:${LD_LIBRARY_PATH} PYTHONPATH=/home/jiaxin/test2/install/base_interfaces_demo/local/lib/python3.10/dist-packages:${PYTHONPATH} /usr/bin/cmake --install /home/jiaxin/test2/build/cpp01_topic
