[0.178s] Invoking command in '/home/jiaxin/test2/build/cpp01_topic': CMAKE_PREFIX_PATH=/home/jiaxin/test2/install/base_interfaces_demo:/home/jiaxin/test2/install/cpp01_topic:/opt/ros/humble /usr/bin/cmake --build /home/jiaxin/test2/build/cpp01_topic -- -j4 -l4
[0.256s] -- Found ament_cmake: 1.3.2 (/opt/ros/humble/share/ament_cmake/cmake)
[0.668s] -- Found rclcpp: 16.0.1 (/opt/ros/humble/share/rclcpp/cmake)
[1.020s] -- Found rosidl_generator_c: 3.1.3 (/opt/ros/humble/share/rosidl_generator_c/cmake)
[1.033s] -- Found rosidl_adapter: 3.1.3 (/opt/ros/humble/share/rosidl_adapter/cmake)
[1.063s] -- Found rosidl_generator_cpp: 3.1.3 (/opt/ros/humble/share/rosidl_generator_cpp/cmake)
[1.118s] -- Using all available rosidl_typesupport_c: rosidl_typesupport_fastrtps_c;rosidl_typesupport_introspection_c
[1.164s] -- Using all available rosidl_typesupport_cpp: rosidl_typesupport_fastrtps_cpp;rosidl_typesupport_introspection_cpp
[1.356s] -- Found rmw_implementation_cmake: 6.1.0 (/opt/ros/humble/share/rmw_implementation_cmake/cmake)
[1.366s] -- Found rmw_fastrtps_cpp: 6.2.1 (/opt/ros/humble/share/rmw_fastrtps_cpp/cmake)
[9.036s] -- Using RMW implementation 'rmw_fastrtps_cpp' as default
[9.386s] -- Found base_interfaces_demo: 0.0.0 (/home/jiaxin/test2/install/base_interfaces_demo/share/base_interfaces_demo/cmake)
[9.533s] -- Found ament_lint_auto: 0.12.4 (/opt/ros/humble/share/ament_lint_auto/cmake)
[9.697s] -- Added test 'cppcheck' to perform static code analysis on C / C++ code
[9.699s] -- Configured cppcheck include dirs: 
[9.699s] -- Configured cppcheck exclude dirs and/or files: 
[9.701s] -- Added test 'lint_cmake' to check CMake code style
[9.704s] -- Added test 'uncrustify' to check C / C++ code style
[9.704s] -- Configured uncrustify additional arguments: 
[9.705s] -- Added test 'xmllint' to check XML markup files
[9.714s] -- Configuring done
[9.810s] -- Generating done
[9.819s] -- Build files have been written to: /home/jiaxin/test2/build/cpp01_topic
[9.862s] [35m[1mConsolidate compiler generated dependencies of target demo02_transfer[0m
[9.863s] [35m[1mConsolidate compiler generated dependencies of target demo01_talker[0m
[9.867s] [35m[1mConsolidate compiler generated dependencies of target demo03_listener[0m
[9.898s] [ 10%] [32mBuilding CXX object CMakeFiles/demo04_test_pub.dir/src/demo04_test_pub.cpp.o[0m
[9.914s] [ 20%] [32mBuilding CXX object CMakeFiles/demo01_talker.dir/src/demo01_talker.cpp.o[0m
[9.917s] [ 40%] Built target demo03_listener
[9.923s] [ 50%] [32mBuilding CXX object CMakeFiles/demo02_transfer.dir/src/demo02_transfer.cpp.o[0m
[9.935s] [ 60%] [32m[1mLinking CXX executable demo04_test_pub[0m
[9.956s] [ 70%] [32mBuilding CXX object CMakeFiles/demo05_test_sub.dir/src/demo05_test_sub.cpp.o[0m
[10.008s] [ 80%] [32m[1mLinking CXX executable demo05_test_sub[0m
[10.303s] /usr/bin/ld: /usr/lib/gcc/x86_64-linux-gnu/11/../../../x86_64-linux-gnu/Scrt1.o: in function `_start':
[10.304s] (.text+0x1b): undefined reference to `main'
[10.310s] collect2: error: ld returned 1 exit status
[10.314s] gmake[2]: *** [CMakeFiles/demo04_test_pub.dir/build.make:167: demo04_test_pub] Error 1
[10.314s] gmake[1]: *** [CMakeFiles/Makefile2:223: CMakeFiles/demo04_test_pub.dir/all] Error 2
[10.314s] gmake[1]: *** Waiting for unfinished jobs....
[10.401s] /usr/bin/ld: /usr/lib/gcc/x86_64-linux-gnu/11/../../../x86_64-linux-gnu/Scrt1.o: in function `_start':
[10.402s] (.text+0x1b): undefined reference to `main'
[10.406s] collect2: error: ld returned 1 exit status
[10.410s] gmake[2]: *** [CMakeFiles/demo05_test_sub.dir/build.make:167: demo05_test_sub] Error 1
[10.410s] gmake[1]: *** [CMakeFiles/Makefile2:249: CMakeFiles/demo05_test_sub.dir/all] Error 2
[20.539s] [ 90%] [32m[1mLinking CXX executable demo01_talker[0m
[21.212s] [ 90%] Built target demo01_talker
[28.810s] [100%] [32m[1mLinking CXX executable demo02_transfer[0m
[29.817s] [100%] Built target demo02_transfer
[29.818s] gmake: *** [Makefile:146: all] Error 2
[29.822s] Invoked command in '/home/jiaxin/test2/build/cpp01_topic' returned '2': CMAKE_PREFIX_PATH=/home/jiaxin/test2/install/base_interfaces_demo:/home/jiaxin/test2/install/cpp01_topic:/opt/ros/humble /usr/bin/cmake --build /home/jiaxin/test2/build/cpp01_topic -- -j4 -l4
