[0.176s] Invoking command in '/home/jiaxin/test2/build/cpp01_topic': CMAKE_PREFIX_PATH=/home/jiaxin/test2/install/base_interfaces_demo:/home/jiaxin/test2/install/cpp01_topic:/opt/ros/humble /usr/bin/cmake --build /home/jiaxin/test2/build/cpp01_topic -- -j4 -l4
[0.244s] [35m[1mConsolidate compiler generated dependencies of target demo02_transfer[0m
[0.276s] [ 33%] Built target demo03_listener
[0.278s] [ 66%] Built target demo01_talker
[0.300s] [ 83%] [32mBuilding CXX object CMakeFiles/demo02_transfer.dir/src/demo02_transfer.cpp.o[0m
[15.790s] [100%] [32m[1mLinking CXX executable demo02_transfer[0m
[16.742s] [100%] Built target demo02_transfer
[16.757s] Invoked command in '/home/jiaxin/test2/build/cpp01_topic' returned '0': CMAKE_PREFIX_PATH=/home/jiaxin/test2/install/base_interfaces_demo:/home/jiaxin/test2/install/cpp01_topic:/opt/ros/humble /usr/bin/cmake --build /home/jiaxin/test2/build/cpp01_topic -- -j4 -l4
[16.805s] Invoking command in '/home/jiaxin/test2/build/cpp01_topic': CMAKE_PREFIX_PATH=/home/jiaxin/test2/install/base_interfaces_demo:/home/jiaxin/test2/install/cpp01_topic:/opt/ros/humble /usr/bin/cmake --install /home/jiaxin/test2/build/cpp01_topic
[16.817s] -- Install configuration: ""
[16.818s] -- Up-to-date: /home/jiaxin/test2/install/cpp01_topic/lib/cpp01_topic/demo01_talker
[16.819s] -- Installing: /home/jiaxin/test2/install/cpp01_topic/lib/cpp01_topic/demo02_transfer
[16.829s] -- Set runtime path of "/home/jiaxin/test2/install/cpp01_topic/lib/cpp01_topic/demo02_transfer" to ""
[16.830s] -- Up-to-date: /home/jiaxin/test2/install/cpp01_topic/lib/cpp01_topic/demo03_listener
[16.830s] -- Up-to-date: /home/jiaxin/test2/install/cpp01_topic/share/ament_index/resource_index/package_run_dependencies/cpp01_topic
[16.831s] -- Up-to-date: /home/jiaxin/test2/install/cpp01_topic/share/ament_index/resource_index/parent_prefix_path/cpp01_topic
[16.832s] -- Up-to-date: /home/jiaxin/test2/install/cpp01_topic/share/cpp01_topic/environment/ament_prefix_path.sh
[16.832s] -- Up-to-date: /home/jiaxin/test2/install/cpp01_topic/share/cpp01_topic/environment/ament_prefix_path.dsv
[16.832s] -- Up-to-date: /home/jiaxin/test2/install/cpp01_topic/share/cpp01_topic/environment/path.sh
[16.832s] -- Up-to-date: /home/jiaxin/test2/install/cpp01_topic/share/cpp01_topic/environment/path.dsv
[16.832s] -- Up-to-date: /home/jiaxin/test2/install/cpp01_topic/share/cpp01_topic/local_setup.bash
[16.833s] -- Up-to-date: /home/jiaxin/test2/install/cpp01_topic/share/cpp01_topic/local_setup.sh
[16.833s] -- Up-to-date: /home/jiaxin/test2/install/cpp01_topic/share/cpp01_topic/local_setup.zsh
[16.833s] -- Up-to-date: /home/jiaxin/test2/install/cpp01_topic/share/cpp01_topic/local_setup.dsv
[16.833s] -- Installing: /home/jiaxin/test2/install/cpp01_topic/share/cpp01_topic/package.dsv
[16.834s] -- Up-to-date: /home/jiaxin/test2/install/cpp01_topic/share/ament_index/resource_index/packages/cpp01_topic
[16.834s] -- Up-to-date: /home/jiaxin/test2/install/cpp01_topic/share/cpp01_topic/cmake/cpp01_topicConfig.cmake
[16.834s] -- Up-to-date: /home/jiaxin/test2/install/cpp01_topic/share/cpp01_topic/cmake/cpp01_topicConfig-version.cmake
[16.834s] -- Up-to-date: /home/jiaxin/test2/install/cpp01_topic/share/cpp01_topic/package.xml
[16.837s] Invoked command in '/home/jiaxin/test2/build/cpp01_topic' returned '0': CMAKE_PREFIX_PATH=/home/jiaxin/test2/install/base_interfaces_demo:/home/jiaxin/test2/install/cpp01_topic:/opt/ros/humble /usr/bin/cmake --install /home/jiaxin/test2/build/cpp01_topic
