[0.526s] DEBUG:colcon:Command line arguments: ['/usr/bin/colcon', 'build', '--packages-select', 'cpp01_topic']
[0.526s] DEBUG:colcon:Parsed command line arguments: Namespace(log_base=None, log_level=None, verb_name='build', build_base='build', install_base='install', merge_install=False, symlink_install=False, test_result_base=None, continue_on_error=False, executor='parallel', parallel_workers=4, event_handlers=None, ignore_user_meta=False, metas=['./colcon.meta'], base_paths=['.'], packages_ignore=None, packages_ignore_regex=None, paths=None, packages_up_to=None, packages_up_to_regex=None, packages_above=None, packages_above_and_dependencies=None, packages_above_depth=None, packages_select_by_dep=None, packages_skip_by_dep=None, packages_skip_up_to=None, packages_select_build_failed=False, packages_skip_build_finished=False, packages_select_test_failures=False, packages_skip_test_passed=False, packages_select=['cpp01_topic'], packages_skip=None, packages_select_regex=None, packages_skip_regex=None, packages_start=None, packages_end=None, allow_overriding=[], cmake_args=None, cmake_target=None, cmake_target_skip_unavailable=False, cmake_clean_cache=False, cmake_clean_first=False, cmake_force_configure=False, ament_cmake_args=None, catkin_cmake_args=None, catkin_skip_building_tests=False, verb_parser=<colcon_defaults.argument_parser.defaults.DefaultArgumentsDecorator object at 0x7f6d128c7160>, verb_extension=<colcon_core.verb.build.BuildVerb object at 0x7f6d13226260>, main=<bound method BuildVerb.main of <colcon_core.verb.build.BuildVerb object at 0x7f6d13226260>>)
[0.555s] Level 1:colcon.colcon_core.package_discovery:discover_packages(colcon_meta) check parameters
[0.555s] Level 1:colcon.colcon_core.package_discovery:discover_packages(recursive) check parameters
[0.555s] Level 1:colcon.colcon_core.package_discovery:discover_packages(ignore) check parameters
[0.555s] Level 1:colcon.colcon_core.package_discovery:discover_packages(path) check parameters
[0.555s] Level 1:colcon.colcon_core.package_discovery:discover_packages(colcon_meta) discover
[0.555s] Level 1:colcon.colcon_core.package_discovery:discover_packages(recursive) discover
[0.555s] INFO:colcon.colcon_core.package_discovery:Crawling recursively for packages in '/home/jiaxin/test2'
[0.555s] Level 1:colcon.colcon_core.package_identification:_identify(.) by extensions ['ignore', 'ignore_ament_install']
[0.556s] Level 1:colcon.colcon_core.package_identification:_identify(.) by extension 'ignore'
[0.556s] Level 1:colcon.colcon_core.package_identification:_identify(.) by extension 'ignore_ament_install'
[0.556s] Level 1:colcon.colcon_core.package_identification:_identify(.) by extensions ['colcon_pkg']
[0.556s] Level 1:colcon.colcon_core.package_identification:_identify(.) by extension 'colcon_pkg'
[0.556s] Level 1:colcon.colcon_core.package_identification:_identify(.) by extensions ['colcon_meta']
[0.556s] Level 1:colcon.colcon_core.package_identification:_identify(.) by extension 'colcon_meta'
[0.556s] Level 1:colcon.colcon_core.package_identification:_identify(.) by extensions ['ros']
[0.556s] Level 1:colcon.colcon_core.package_identification:_identify(.) by extension 'ros'
[0.582s] Level 1:colcon.colcon_core.package_identification:_identify(.) by extensions ['cmake', 'python']
[0.582s] Level 1:colcon.colcon_core.package_identification:_identify(.) by extension 'cmake'
[0.582s] Level 1:colcon.colcon_core.package_identification:_identify(.) by extension 'python'
[0.582s] Level 1:colcon.colcon_core.package_identification:_identify(.) by extensions ['python_setup_py']
[0.582s] Level 1:colcon.colcon_core.package_identification:_identify(.) by extension 'python_setup_py'
[0.583s] Level 1:colcon.colcon_core.package_identification:_identify(build) by extensions ['ignore', 'ignore_ament_install']
[0.583s] Level 1:colcon.colcon_core.package_identification:_identify(build) by extension 'ignore'
[0.583s] Level 1:colcon.colcon_core.package_identification:_identify(build) ignored
[0.583s] Level 1:colcon.colcon_core.package_identification:_identify(install) by extensions ['ignore', 'ignore_ament_install']
[0.584s] Level 1:colcon.colcon_core.package_identification:_identify(install) by extension 'ignore'
[0.584s] Level 1:colcon.colcon_core.package_identification:_identify(install) ignored
[0.584s] Level 1:colcon.colcon_core.package_identification:_identify(log) by extensions ['ignore', 'ignore_ament_install']
[0.584s] Level 1:colcon.colcon_core.package_identification:_identify(log) by extension 'ignore'
[0.584s] Level 1:colcon.colcon_core.package_identification:_identify(log) ignored
[0.585s] Level 1:colcon.colcon_core.package_identification:_identify(src) by extensions ['ignore', 'ignore_ament_install']
[0.585s] Level 1:colcon.colcon_core.package_identification:_identify(src) by extension 'ignore'
[0.585s] Level 1:colcon.colcon_core.package_identification:_identify(src) by extension 'ignore_ament_install'
[0.585s] Level 1:colcon.colcon_core.package_identification:_identify(src) by extensions ['colcon_pkg']
[0.585s] Level 1:colcon.colcon_core.package_identification:_identify(src) by extension 'colcon_pkg'
[0.585s] Level 1:colcon.colcon_core.package_identification:_identify(src) by extensions ['colcon_meta']
[0.585s] Level 1:colcon.colcon_core.package_identification:_identify(src) by extension 'colcon_meta'
[0.585s] Level 1:colcon.colcon_core.package_identification:_identify(src) by extensions ['ros']
[0.586s] Level 1:colcon.colcon_core.package_identification:_identify(src) by extension 'ros'
[0.586s] Level 1:colcon.colcon_core.package_identification:_identify(src) by extensions ['cmake', 'python']
[0.586s] Level 1:colcon.colcon_core.package_identification:_identify(src) by extension 'cmake'
[0.586s] Level 1:colcon.colcon_core.package_identification:_identify(src) by extension 'python'
[0.586s] Level 1:colcon.colcon_core.package_identification:_identify(src) by extensions ['python_setup_py']
[0.586s] Level 1:colcon.colcon_core.package_identification:_identify(src) by extension 'python_setup_py'
[0.586s] Level 1:colcon.colcon_core.package_identification:_identify(src/base_interfaces_demo) by extensions ['ignore', 'ignore_ament_install']
[0.587s] Level 1:colcon.colcon_core.package_identification:_identify(src/base_interfaces_demo) by extension 'ignore'
[0.587s] Level 1:colcon.colcon_core.package_identification:_identify(src/base_interfaces_demo) by extension 'ignore_ament_install'
[0.587s] Level 1:colcon.colcon_core.package_identification:_identify(src/base_interfaces_demo) by extensions ['colcon_pkg']
[0.587s] Level 1:colcon.colcon_core.package_identification:_identify(src/base_interfaces_demo) by extension 'colcon_pkg'
[0.587s] Level 1:colcon.colcon_core.package_identification:_identify(src/base_interfaces_demo) by extensions ['colcon_meta']
[0.587s] Level 1:colcon.colcon_core.package_identification:_identify(src/base_interfaces_demo) by extension 'colcon_meta'
[0.587s] Level 1:colcon.colcon_core.package_identification:_identify(src/base_interfaces_demo) by extensions ['ros']
[0.587s] Level 1:colcon.colcon_core.package_identification:_identify(src/base_interfaces_demo) by extension 'ros'
[0.591s] DEBUG:colcon.colcon_core.package_identification:Package 'src/base_interfaces_demo' with type 'ros.ament_cmake' and name 'base_interfaces_demo'
[0.591s] Level 1:colcon.colcon_core.package_identification:_identify(src/cpp01_topic) by extensions ['ignore', 'ignore_ament_install']
[0.591s] Level 1:colcon.colcon_core.package_identification:_identify(src/cpp01_topic) by extension 'ignore'
[0.592s] Level 1:colcon.colcon_core.package_identification:_identify(src/cpp01_topic) by extension 'ignore_ament_install'
[0.592s] Level 1:colcon.colcon_core.package_identification:_identify(src/cpp01_topic) by extensions ['colcon_pkg']
[0.592s] Level 1:colcon.colcon_core.package_identification:_identify(src/cpp01_topic) by extension 'colcon_pkg'
[0.592s] Level 1:colcon.colcon_core.package_identification:_identify(src/cpp01_topic) by extensions ['colcon_meta']
[0.592s] Level 1:colcon.colcon_core.package_identification:_identify(src/cpp01_topic) by extension 'colcon_meta'
[0.592s] Level 1:colcon.colcon_core.package_identification:_identify(src/cpp01_topic) by extensions ['ros']
[0.592s] Level 1:colcon.colcon_core.package_identification:_identify(src/cpp01_topic) by extension 'ros'
[0.594s] DEBUG:colcon.colcon_core.package_identification:Package 'src/cpp01_topic' with type 'ros.ament_cmake' and name 'cpp01_topic'
[0.594s] Level 1:colcon.colcon_core.package_discovery:discover_packages(recursive) using defaults
[0.594s] Level 1:colcon.colcon_core.package_discovery:discover_packages(ignore) discover
[0.594s] Level 1:colcon.colcon_core.package_discovery:discover_packages(ignore) using defaults
[0.594s] Level 1:colcon.colcon_core.package_discovery:discover_packages(path) discover
[0.594s] Level 1:colcon.colcon_core.package_discovery:discover_packages(path) using defaults
[0.624s] INFO:colcon.colcon_core.package_selection:Skipping not selected package 'base_interfaces_demo' in 'src/base_interfaces_demo'
[0.625s] Level 1:colcon.colcon_core.package_discovery:discover_packages(prefix_path) check parameters
[0.625s] Level 1:colcon.colcon_core.package_discovery:discover_packages(prefix_path) discover
[0.629s] DEBUG:colcon.colcon_installed_package_information.package_discovery:Found 2 installed packages in /home/jiaxin/test2/install
[0.631s] DEBUG:colcon.colcon_installed_package_information.package_discovery:Found 270 installed packages in /opt/ros/humble
[0.633s] Level 1:colcon.colcon_core.package_discovery:discover_packages(prefix_path) using defaults
[0.705s] Level 5:colcon.colcon_core.verb:set package 'cpp01_topic' build argument 'cmake_args' from command line to 'None'
[0.706s] Level 5:colcon.colcon_core.verb:set package 'cpp01_topic' build argument 'cmake_target' from command line to 'None'
[0.706s] Level 5:colcon.colcon_core.verb:set package 'cpp01_topic' build argument 'cmake_target_skip_unavailable' from command line to 'False'
[0.706s] Level 5:colcon.colcon_core.verb:set package 'cpp01_topic' build argument 'cmake_clean_cache' from command line to 'False'
[0.706s] Level 5:colcon.colcon_core.verb:set package 'cpp01_topic' build argument 'cmake_clean_first' from command line to 'False'
[0.706s] Level 5:colcon.colcon_core.verb:set package 'cpp01_topic' build argument 'cmake_force_configure' from command line to 'False'
[0.706s] Level 5:colcon.colcon_core.verb:set package 'cpp01_topic' build argument 'ament_cmake_args' from command line to 'None'
[0.706s] Level 5:colcon.colcon_core.verb:set package 'cpp01_topic' build argument 'catkin_cmake_args' from command line to 'None'
[0.706s] Level 5:colcon.colcon_core.verb:set package 'cpp01_topic' build argument 'catkin_skip_building_tests' from command line to 'False'
[0.706s] DEBUG:colcon.colcon_core.verb:Building package 'cpp01_topic' with the following arguments: {'ament_cmake_args': None, 'build_base': '/home/jiaxin/test2/build/cpp01_topic', 'catkin_cmake_args': None, 'catkin_skip_building_tests': False, 'cmake_args': None, 'cmake_clean_cache': False, 'cmake_clean_first': False, 'cmake_force_configure': False, 'cmake_target': None, 'cmake_target_skip_unavailable': False, 'install_base': '/home/jiaxin/test2/install/cpp01_topic', 'merge_install': False, 'path': '/home/jiaxin/test2/src/cpp01_topic', 'symlink_install': False, 'test_result_base': None}
[0.707s] INFO:colcon.colcon_core.executor:Executing jobs using 'parallel' executor
[0.715s] DEBUG:colcon.colcon_parallel_executor.executor.parallel:run_until_complete
[0.716s] INFO:colcon.colcon_ros.task.ament_cmake.build:Building ROS package in '/home/jiaxin/test2/src/cpp01_topic' with build type 'ament_cmake'
[0.717s] INFO:colcon.colcon_cmake.task.cmake.build:Building CMake package in '/home/jiaxin/test2/src/cpp01_topic'
[0.729s] INFO:colcon.colcon_core.plugin_system:Skipping extension 'colcon_core.shell.bat': Not used on non-Windows systems
[0.729s] INFO:colcon.colcon_core.shell:Skip shell extension 'powershell' for command environment: Not usable outside of PowerShell
[0.730s] DEBUG:colcon.colcon_core.shell:Skip shell extension 'dsv' for command environment
[0.876s] DEBUG:colcon.colcon_core.event_handler.log_command:Invoking command in '/home/jiaxin/test2/build/cpp01_topic': CMAKE_PREFIX_PATH=/home/jiaxin/test2/install/base_interfaces_demo:/home/jiaxin/test2/install/cpp01_topic:/opt/ros/humble /usr/bin/cmake --build /home/jiaxin/test2/build/cpp01_topic -- -j4 -l4
[8.583s] DEBUG:colcon.colcon_core.event_handler.log_command:Invoked command in '/home/jiaxin/test2/build/cpp01_topic' returned '0': CMAKE_PREFIX_PATH=/home/jiaxin/test2/install/base_interfaces_demo:/home/jiaxin/test2/install/cpp01_topic:/opt/ros/humble /usr/bin/cmake --build /home/jiaxin/test2/build/cpp01_topic -- -j4 -l4
[8.659s] DEBUG:colcon.colcon_core.event_handler.log_command:Invoking command in '/home/jiaxin/test2/build/cpp01_topic': CMAKE_PREFIX_PATH=/home/jiaxin/test2/install/base_interfaces_demo:/home/jiaxin/test2/install/cpp01_topic:/opt/ros/humble /usr/bin/cmake --install /home/jiaxin/test2/build/cpp01_topic
[8.677s] Level 1:colcon.colcon_core.environment:create_environment_scripts_only(cpp01_topic)
[8.679s] DEBUG:colcon.colcon_core.event_handler.log_command:Invoked command in '/home/jiaxin/test2/build/cpp01_topic' returned '0': CMAKE_PREFIX_PATH=/home/jiaxin/test2/install/base_interfaces_demo:/home/jiaxin/test2/install/cpp01_topic:/opt/ros/humble /usr/bin/cmake --install /home/jiaxin/test2/build/cpp01_topic
[8.693s] Level 1:colcon.colcon_core.environment:checking '/home/jiaxin/test2/install/cpp01_topic' for CMake module files
[8.704s] Level 1:colcon.colcon_core.environment:checking '/home/jiaxin/test2/install/cpp01_topic' for CMake config files
[8.705s] Level 1:colcon.colcon_core.shell:create_environment_hook('cpp01_topic', 'cmake_prefix_path')
[8.709s] INFO:colcon.colcon_core.shell:Creating environment hook '/home/jiaxin/test2/install/cpp01_topic/share/cpp01_topic/hook/cmake_prefix_path.ps1'
[8.711s] INFO:colcon.colcon_core.shell:Creating environment descriptor '/home/jiaxin/test2/install/cpp01_topic/share/cpp01_topic/hook/cmake_prefix_path.dsv'
[8.712s] INFO:colcon.colcon_core.shell:Creating environment hook '/home/jiaxin/test2/install/cpp01_topic/share/cpp01_topic/hook/cmake_prefix_path.sh'
[8.725s] Level 1:colcon.colcon_core.environment:checking '/home/jiaxin/test2/install/cpp01_topic/lib'
[8.725s] Level 1:colcon.colcon_core.environment:checking '/home/jiaxin/test2/install/cpp01_topic/bin'
[8.726s] Level 1:colcon.colcon_core.environment:checking '/home/jiaxin/test2/install/cpp01_topic/lib/pkgconfig/cpp01_topic.pc'
[8.726s] Level 1:colcon.colcon_core.environment:checking '/home/jiaxin/test2/install/cpp01_topic/lib/python3.10/site-packages'
[8.727s] Level 1:colcon.colcon_core.environment:checking '/home/jiaxin/test2/install/cpp01_topic/bin'
[8.730s] INFO:colcon.colcon_core.shell:Creating package script '/home/jiaxin/test2/install/cpp01_topic/share/cpp01_topic/package.ps1'
[8.742s] INFO:colcon.colcon_core.shell:Creating package descriptor '/home/jiaxin/test2/install/cpp01_topic/share/cpp01_topic/package.dsv'
[8.744s] INFO:colcon.colcon_core.shell:Creating package script '/home/jiaxin/test2/install/cpp01_topic/share/cpp01_topic/package.sh'
[8.747s] INFO:colcon.colcon_core.shell:Creating package script '/home/jiaxin/test2/install/cpp01_topic/share/cpp01_topic/package.bash'
[8.758s] INFO:colcon.colcon_core.shell:Creating package script '/home/jiaxin/test2/install/cpp01_topic/share/cpp01_topic/package.zsh'
[8.760s] Level 1:colcon.colcon_core.environment:create_file_with_runtime_dependencies(/home/jiaxin/test2/install/cpp01_topic/share/colcon-core/packages/cpp01_topic)
[8.838s] Level 1:colcon.colcon_core.environment:create_environment_scripts_only(cpp01_topic)
[8.853s] Level 1:colcon.colcon_core.environment:checking '/home/jiaxin/test2/install/cpp01_topic' for CMake module files
[8.855s] Level 1:colcon.colcon_core.environment:checking '/home/jiaxin/test2/install/cpp01_topic' for CMake config files
[8.855s] Level 1:colcon.colcon_core.shell:create_environment_hook('cpp01_topic', 'cmake_prefix_path')
[8.859s] INFO:colcon.colcon_core.shell:Creating environment hook '/home/jiaxin/test2/install/cpp01_topic/share/cpp01_topic/hook/cmake_prefix_path.ps1'
[8.861s] INFO:colcon.colcon_core.shell:Creating environment descriptor '/home/jiaxin/test2/install/cpp01_topic/share/cpp01_topic/hook/cmake_prefix_path.dsv'
[8.862s] INFO:colcon.colcon_core.shell:Creating environment hook '/home/jiaxin/test2/install/cpp01_topic/share/cpp01_topic/hook/cmake_prefix_path.sh'
[8.865s] Level 1:colcon.colcon_core.environment:checking '/home/jiaxin/test2/install/cpp01_topic/lib'
[8.866s] Level 1:colcon.colcon_core.environment:checking '/home/jiaxin/test2/install/cpp01_topic/bin'
[8.866s] Level 1:colcon.colcon_core.environment:checking '/home/jiaxin/test2/install/cpp01_topic/lib/pkgconfig/cpp01_topic.pc'
[8.866s] Level 1:colcon.colcon_core.environment:checking '/home/jiaxin/test2/install/cpp01_topic/lib/python3.10/site-packages'
[8.867s] Level 1:colcon.colcon_core.environment:checking '/home/jiaxin/test2/install/cpp01_topic/bin'
[8.871s] INFO:colcon.colcon_core.shell:Creating package script '/home/jiaxin/test2/install/cpp01_topic/share/cpp01_topic/package.ps1'
[8.873s] INFO:colcon.colcon_core.shell:Creating package descriptor '/home/jiaxin/test2/install/cpp01_topic/share/cpp01_topic/package.dsv'
[8.874s] INFO:colcon.colcon_core.shell:Creating package script '/home/jiaxin/test2/install/cpp01_topic/share/cpp01_topic/package.sh'
[8.875s] INFO:colcon.colcon_core.shell:Creating package script '/home/jiaxin/test2/install/cpp01_topic/share/cpp01_topic/package.bash'
[8.877s] INFO:colcon.colcon_core.shell:Creating package script '/home/jiaxin/test2/install/cpp01_topic/share/cpp01_topic/package.zsh'
[8.877s] Level 1:colcon.colcon_core.environment:create_file_with_runtime_dependencies(/home/jiaxin/test2/install/cpp01_topic/share/colcon-core/packages/cpp01_topic)
[8.878s] DEBUG:colcon.colcon_parallel_executor.executor.parallel:closing loop
[8.879s] DEBUG:colcon.colcon_parallel_executor.executor.parallel:loop closed
[8.880s] DEBUG:colcon.colcon_parallel_executor.executor.parallel:run_until_complete finished with '0'
[8.880s] DEBUG:colcon.colcon_core.event_reactor:joining thread
[8.951s] INFO:colcon.colcon_core.plugin_system:Skipping extension 'colcon_notification.desktop_notification.notify_send': Could not find 'notify-send'
[8.952s] INFO:colcon.colcon_core.plugin_system:Skipping extension 'colcon_notification.desktop_notification.terminal_notifier': Not used on non-Darwin systems
[8.952s] INFO:colcon.colcon_core.plugin_system:Skipping extension 'colcon_notification.desktop_notification.win32': Not used on non-Windows systems
[8.952s] INFO:colcon.colcon_notification.desktop_notification:Sending desktop notification using 'notify2'
[8.980s] DEBUG:colcon.colcon_notification.desktop_notification.notify2:Failed to initialize notify2: org.freedesktop.DBus.Error.ServiceUnknown: The name org.freedesktop.Notifications was not provided by any .service files
[8.981s] DEBUG:colcon.colcon_core.event_reactor:joined thread
[8.983s] INFO:colcon.colcon_core.shell:Creating prefix script '/home/jiaxin/test2/install/local_setup.ps1'
[8.985s] INFO:colcon.colcon_core.shell:Creating prefix util module '/home/jiaxin/test2/install/_local_setup_util_ps1.py'
[8.987s] INFO:colcon.colcon_core.shell:Creating prefix chain script '/home/jiaxin/test2/install/setup.ps1'
[8.989s] INFO:colcon.colcon_core.shell:Creating prefix script '/home/jiaxin/test2/install/local_setup.sh'
[8.991s] INFO:colcon.colcon_core.shell:Creating prefix util module '/home/jiaxin/test2/install/_local_setup_util_sh.py'
[8.992s] INFO:colcon.colcon_core.shell:Creating prefix chain script '/home/jiaxin/test2/install/setup.sh'
[8.994s] INFO:colcon.colcon_core.shell:Creating prefix script '/home/jiaxin/test2/install/local_setup.bash'
[8.995s] INFO:colcon.colcon_core.shell:Creating prefix chain script '/home/jiaxin/test2/install/setup.bash'
[8.997s] INFO:colcon.colcon_core.shell:Creating prefix script '/home/jiaxin/test2/install/local_setup.zsh'
[8.998s] INFO:colcon.colcon_core.shell:Creating prefix chain script '/home/jiaxin/test2/install/setup.zsh'
