[0.640s] DEBUG:colcon:Command line arguments: ['/usr/bin/colcon', 'build', '--packages-select', 'cpp01_topic']
[0.640s] DEBUG:colcon:Parsed command line arguments: Namespace(log_base=None, log_level=None, verb_name='build', build_base='build', install_base='install', merge_install=False, symlink_install=False, test_result_base=None, continue_on_error=False, executor='parallel', parallel_workers=4, event_handlers=None, ignore_user_meta=False, metas=['./colcon.meta'], base_paths=['.'], packages_ignore=None, packages_ignore_regex=None, paths=None, packages_up_to=None, packages_up_to_regex=None, packages_above=None, packages_above_and_dependencies=None, packages_above_depth=None, packages_select_by_dep=None, packages_skip_by_dep=None, packages_skip_up_to=None, packages_select_build_failed=False, packages_skip_build_finished=False, packages_select_test_failures=False, packages_skip_test_passed=False, packages_select=['cpp01_topic'], packages_skip=None, packages_select_regex=None, packages_skip_regex=None, packages_start=None, packages_end=None, allow_overriding=[], cmake_args=None, cmake_target=None, cmake_target_skip_unavailable=False, cmake_clean_cache=False, cmake_clean_first=False, cmake_force_configure=False, ament_cmake_args=None, catkin_cmake_args=None, catkin_skip_building_tests=False, verb_parser=<colcon_defaults.argument_parser.defaults.DefaultArgumentsDecorator object at 0x7f75d535f220>, verb_extension=<colcon_core.verb.build.BuildVerb object at 0x7f75d56939d0>, main=<bound method BuildVerb.main of <colcon_core.verb.build.BuildVerb object at 0x7f75d56939d0>>)
[0.669s] Level 1:colcon.colcon_core.package_discovery:discover_packages(colcon_meta) check parameters
[0.669s] Level 1:colcon.colcon_core.package_discovery:discover_packages(recursive) check parameters
[0.669s] Level 1:colcon.colcon_core.package_discovery:discover_packages(ignore) check parameters
[0.669s] Level 1:colcon.colcon_core.package_discovery:discover_packages(path) check parameters
[0.670s] Level 1:colcon.colcon_core.package_discovery:discover_packages(colcon_meta) discover
[0.670s] Level 1:colcon.colcon_core.package_discovery:discover_packages(recursive) discover
[0.670s] INFO:colcon.colcon_core.package_discovery:Crawling recursively for packages in '/home/jiaxin/test2'
[0.670s] Level 1:colcon.colcon_core.package_identification:_identify(.) by extensions ['ignore', 'ignore_ament_install']
[0.670s] Level 1:colcon.colcon_core.package_identification:_identify(.) by extension 'ignore'
[0.670s] Level 1:colcon.colcon_core.package_identification:_identify(.) by extension 'ignore_ament_install'
[0.671s] Level 1:colcon.colcon_core.package_identification:_identify(.) by extensions ['colcon_pkg']
[0.671s] Level 1:colcon.colcon_core.package_identification:_identify(.) by extension 'colcon_pkg'
[0.671s] Level 1:colcon.colcon_core.package_identification:_identify(.) by extensions ['colcon_meta']
[0.671s] Level 1:colcon.colcon_core.package_identification:_identify(.) by extension 'colcon_meta'
[0.671s] Level 1:colcon.colcon_core.package_identification:_identify(.) by extensions ['ros']
[0.671s] Level 1:colcon.colcon_core.package_identification:_identify(.) by extension 'ros'
[0.697s] Level 1:colcon.colcon_core.package_identification:_identify(.) by extensions ['cmake', 'python']
[0.697s] Level 1:colcon.colcon_core.package_identification:_identify(.) by extension 'cmake'
[0.697s] Level 1:colcon.colcon_core.package_identification:_identify(.) by extension 'python'
[0.697s] Level 1:colcon.colcon_core.package_identification:_identify(.) by extensions ['python_setup_py']
[0.698s] Level 1:colcon.colcon_core.package_identification:_identify(.) by extension 'python_setup_py'
[0.698s] Level 1:colcon.colcon_core.package_identification:_identify(build) by extensions ['ignore', 'ignore_ament_install']
[0.698s] Level 1:colcon.colcon_core.package_identification:_identify(build) by extension 'ignore'
[0.698s] Level 1:colcon.colcon_core.package_identification:_identify(build) ignored
[0.698s] Level 1:colcon.colcon_core.package_identification:_identify(install) by extensions ['ignore', 'ignore_ament_install']
[0.699s] Level 1:colcon.colcon_core.package_identification:_identify(install) by extension 'ignore'
[0.699s] Level 1:colcon.colcon_core.package_identification:_identify(install) ignored
[0.699s] Level 1:colcon.colcon_core.package_identification:_identify(log) by extensions ['ignore', 'ignore_ament_install']
[0.700s] Level 1:colcon.colcon_core.package_identification:_identify(log) by extension 'ignore'
[0.700s] Level 1:colcon.colcon_core.package_identification:_identify(log) ignored
[0.700s] Level 1:colcon.colcon_core.package_identification:_identify(src) by extensions ['ignore', 'ignore_ament_install']
[0.700s] Level 1:colcon.colcon_core.package_identification:_identify(src) by extension 'ignore'
[0.700s] Level 1:colcon.colcon_core.package_identification:_identify(src) by extension 'ignore_ament_install'
[0.701s] Level 1:colcon.colcon_core.package_identification:_identify(src) by extensions ['colcon_pkg']
[0.701s] Level 1:colcon.colcon_core.package_identification:_identify(src) by extension 'colcon_pkg'
[0.701s] Level 1:colcon.colcon_core.package_identification:_identify(src) by extensions ['colcon_meta']
[0.701s] Level 1:colcon.colcon_core.package_identification:_identify(src) by extension 'colcon_meta'
[0.701s] Level 1:colcon.colcon_core.package_identification:_identify(src) by extensions ['ros']
[0.701s] Level 1:colcon.colcon_core.package_identification:_identify(src) by extension 'ros'
[0.701s] Level 1:colcon.colcon_core.package_identification:_identify(src) by extensions ['cmake', 'python']
[0.701s] Level 1:colcon.colcon_core.package_identification:_identify(src) by extension 'cmake'
[0.702s] Level 1:colcon.colcon_core.package_identification:_identify(src) by extension 'python'
[0.702s] Level 1:colcon.colcon_core.package_identification:_identify(src) by extensions ['python_setup_py']
[0.702s] Level 1:colcon.colcon_core.package_identification:_identify(src) by extension 'python_setup_py'
[0.702s] Level 1:colcon.colcon_core.package_identification:_identify(src/base_interfaces_demo) by extensions ['ignore', 'ignore_ament_install']
[0.702s] Level 1:colcon.colcon_core.package_identification:_identify(src/base_interfaces_demo) by extension 'ignore'
[0.702s] Level 1:colcon.colcon_core.package_identification:_identify(src/base_interfaces_demo) by extension 'ignore_ament_install'
[0.702s] Level 1:colcon.colcon_core.package_identification:_identify(src/base_interfaces_demo) by extensions ['colcon_pkg']
[0.703s] Level 1:colcon.colcon_core.package_identification:_identify(src/base_interfaces_demo) by extension 'colcon_pkg'
[0.703s] Level 1:colcon.colcon_core.package_identification:_identify(src/base_interfaces_demo) by extensions ['colcon_meta']
[0.703s] Level 1:colcon.colcon_core.package_identification:_identify(src/base_interfaces_demo) by extension 'colcon_meta'
[0.703s] Level 1:colcon.colcon_core.package_identification:_identify(src/base_interfaces_demo) by extensions ['ros']
[0.703s] Level 1:colcon.colcon_core.package_identification:_identify(src/base_interfaces_demo) by extension 'ros'
[0.707s] DEBUG:colcon.colcon_core.package_identification:Package 'src/base_interfaces_demo' with type 'ros.ament_cmake' and name 'base_interfaces_demo'
[0.707s] Level 1:colcon.colcon_core.package_identification:_identify(src/cpp01_topic) by extensions ['ignore', 'ignore_ament_install']
[0.708s] Level 1:colcon.colcon_core.package_identification:_identify(src/cpp01_topic) by extension 'ignore'
[0.708s] Level 1:colcon.colcon_core.package_identification:_identify(src/cpp01_topic) by extension 'ignore_ament_install'
[0.708s] Level 1:colcon.colcon_core.package_identification:_identify(src/cpp01_topic) by extensions ['colcon_pkg']
[0.708s] Level 1:colcon.colcon_core.package_identification:_identify(src/cpp01_topic) by extension 'colcon_pkg'
[0.709s] Level 1:colcon.colcon_core.package_identification:_identify(src/cpp01_topic) by extensions ['colcon_meta']
[0.709s] Level 1:colcon.colcon_core.package_identification:_identify(src/cpp01_topic) by extension 'colcon_meta'
[0.709s] Level 1:colcon.colcon_core.package_identification:_identify(src/cpp01_topic) by extensions ['ros']
[0.709s] Level 1:colcon.colcon_core.package_identification:_identify(src/cpp01_topic) by extension 'ros'
[0.710s] DEBUG:colcon.colcon_core.package_identification:Package 'src/cpp01_topic' with type 'ros.ament_cmake' and name 'cpp01_topic'
[0.711s] Level 1:colcon.colcon_core.package_discovery:discover_packages(recursive) using defaults
[0.711s] Level 1:colcon.colcon_core.package_discovery:discover_packages(ignore) discover
[0.711s] Level 1:colcon.colcon_core.package_discovery:discover_packages(ignore) using defaults
[0.711s] Level 1:colcon.colcon_core.package_discovery:discover_packages(path) discover
[0.711s] Level 1:colcon.colcon_core.package_discovery:discover_packages(path) using defaults
[0.750s] INFO:colcon.colcon_core.package_selection:Skipping not selected package 'base_interfaces_demo' in 'src/base_interfaces_demo'
[0.751s] Level 1:colcon.colcon_core.package_discovery:discover_packages(prefix_path) check parameters
[0.751s] Level 1:colcon.colcon_core.package_discovery:discover_packages(prefix_path) discover
[0.756s] DEBUG:colcon.colcon_installed_package_information.package_discovery:Found 2 installed packages in /home/jiaxin/test2/install
[0.758s] DEBUG:colcon.colcon_installed_package_information.package_discovery:Found 270 installed packages in /opt/ros/humble
[0.760s] Level 1:colcon.colcon_core.package_discovery:discover_packages(prefix_path) using defaults
[0.851s] Level 5:colcon.colcon_core.verb:set package 'cpp01_topic' build argument 'cmake_args' from command line to 'None'
[0.851s] Level 5:colcon.colcon_core.verb:set package 'cpp01_topic' build argument 'cmake_target' from command line to 'None'
[0.851s] Level 5:colcon.colcon_core.verb:set package 'cpp01_topic' build argument 'cmake_target_skip_unavailable' from command line to 'False'
[0.851s] Level 5:colcon.colcon_core.verb:set package 'cpp01_topic' build argument 'cmake_clean_cache' from command line to 'False'
[0.852s] Level 5:colcon.colcon_core.verb:set package 'cpp01_topic' build argument 'cmake_clean_first' from command line to 'False'
[0.852s] Level 5:colcon.colcon_core.verb:set package 'cpp01_topic' build argument 'cmake_force_configure' from command line to 'False'
[0.852s] Level 5:colcon.colcon_core.verb:set package 'cpp01_topic' build argument 'ament_cmake_args' from command line to 'None'
[0.852s] Level 5:colcon.colcon_core.verb:set package 'cpp01_topic' build argument 'catkin_cmake_args' from command line to 'None'
[0.852s] Level 5:colcon.colcon_core.verb:set package 'cpp01_topic' build argument 'catkin_skip_building_tests' from command line to 'False'
[0.852s] DEBUG:colcon.colcon_core.verb:Building package 'cpp01_topic' with the following arguments: {'ament_cmake_args': None, 'build_base': '/home/jiaxin/test2/build/cpp01_topic', 'catkin_cmake_args': None, 'catkin_skip_building_tests': False, 'cmake_args': None, 'cmake_clean_cache': False, 'cmake_clean_first': False, 'cmake_force_configure': False, 'cmake_target': None, 'cmake_target_skip_unavailable': False, 'install_base': '/home/jiaxin/test2/install/cpp01_topic', 'merge_install': False, 'path': '/home/jiaxin/test2/src/cpp01_topic', 'symlink_install': False, 'test_result_base': None}
[0.853s] INFO:colcon.colcon_core.executor:Executing jobs using 'parallel' executor
[0.858s] DEBUG:colcon.colcon_parallel_executor.executor.parallel:run_until_complete
[0.859s] INFO:colcon.colcon_ros.task.ament_cmake.build:Building ROS package in '/home/jiaxin/test2/src/cpp01_topic' with build type 'ament_cmake'
[0.859s] INFO:colcon.colcon_cmake.task.cmake.build:Building CMake package in '/home/jiaxin/test2/src/cpp01_topic'
[0.871s] INFO:colcon.colcon_core.plugin_system:Skipping extension 'colcon_core.shell.bat': Not used on non-Windows systems
[0.871s] INFO:colcon.colcon_core.shell:Skip shell extension 'powershell' for command environment: Not usable outside of PowerShell
[0.872s] DEBUG:colcon.colcon_core.shell:Skip shell extension 'dsv' for command environment
[1.029s] DEBUG:colcon.colcon_core.event_handler.log_command:Invoking command in '/home/jiaxin/test2/build/cpp01_topic': CMAKE_PREFIX_PATH=/home/jiaxin/test2/install/base_interfaces_demo:/home/jiaxin/test2/install/cpp01_topic:/opt/ros/humble /usr/bin/cmake --build /home/jiaxin/test2/build/cpp01_topic -- -j4 -l4
[19.287s] DEBUG:colcon.colcon_core.event_handler.log_command:Invoked command in '/home/jiaxin/test2/build/cpp01_topic' returned '0': CMAKE_PREFIX_PATH=/home/jiaxin/test2/install/base_interfaces_demo:/home/jiaxin/test2/install/cpp01_topic:/opt/ros/humble /usr/bin/cmake --build /home/jiaxin/test2/build/cpp01_topic -- -j4 -l4
[19.338s] DEBUG:colcon.colcon_core.event_handler.log_command:Invoking command in '/home/jiaxin/test2/build/cpp01_topic': CMAKE_PREFIX_PATH=/home/jiaxin/test2/install/base_interfaces_demo:/home/jiaxin/test2/install/cpp01_topic:/opt/ros/humble /usr/bin/cmake --install /home/jiaxin/test2/build/cpp01_topic
[19.372s] Level 1:colcon.colcon_core.environment:create_environment_scripts_only(cpp01_topic)
[19.387s] DEBUG:colcon.colcon_core.event_handler.log_command:Invoked command in '/home/jiaxin/test2/build/cpp01_topic' returned '0': CMAKE_PREFIX_PATH=/home/jiaxin/test2/install/base_interfaces_demo:/home/jiaxin/test2/install/cpp01_topic:/opt/ros/humble /usr/bin/cmake --install /home/jiaxin/test2/build/cpp01_topic
[19.391s] Level 1:colcon.colcon_core.environment:checking '/home/jiaxin/test2/install/cpp01_topic' for CMake module files
[19.392s] Level 1:colcon.colcon_core.environment:checking '/home/jiaxin/test2/install/cpp01_topic' for CMake config files
[19.392s] Level 1:colcon.colcon_core.shell:create_environment_hook('cpp01_topic', 'cmake_prefix_path')
[19.394s] INFO:colcon.colcon_core.shell:Creating environment hook '/home/jiaxin/test2/install/cpp01_topic/share/cpp01_topic/hook/cmake_prefix_path.ps1'
[19.396s] INFO:colcon.colcon_core.shell:Creating environment descriptor '/home/jiaxin/test2/install/cpp01_topic/share/cpp01_topic/hook/cmake_prefix_path.dsv'
[19.399s] INFO:colcon.colcon_core.shell:Creating environment hook '/home/jiaxin/test2/install/cpp01_topic/share/cpp01_topic/hook/cmake_prefix_path.sh'
[19.401s] Level 1:colcon.colcon_core.environment:checking '/home/jiaxin/test2/install/cpp01_topic/lib'
[19.401s] Level 1:colcon.colcon_core.environment:checking '/home/jiaxin/test2/install/cpp01_topic/bin'
[19.401s] Level 1:colcon.colcon_core.environment:checking '/home/jiaxin/test2/install/cpp01_topic/lib/pkgconfig/cpp01_topic.pc'
[19.402s] Level 1:colcon.colcon_core.environment:checking '/home/jiaxin/test2/install/cpp01_topic/lib/python3.10/site-packages'
[19.402s] Level 1:colcon.colcon_core.environment:checking '/home/jiaxin/test2/install/cpp01_topic/bin'
[19.405s] INFO:colcon.colcon_core.shell:Creating package script '/home/jiaxin/test2/install/cpp01_topic/share/cpp01_topic/package.ps1'
[19.406s] INFO:colcon.colcon_core.shell:Creating package descriptor '/home/jiaxin/test2/install/cpp01_topic/share/cpp01_topic/package.dsv'
[19.407s] INFO:colcon.colcon_core.shell:Creating package script '/home/jiaxin/test2/install/cpp01_topic/share/cpp01_topic/package.sh'
[19.409s] INFO:colcon.colcon_core.shell:Creating package script '/home/jiaxin/test2/install/cpp01_topic/share/cpp01_topic/package.bash'
[19.410s] INFO:colcon.colcon_core.shell:Creating package script '/home/jiaxin/test2/install/cpp01_topic/share/cpp01_topic/package.zsh'
[19.412s] Level 1:colcon.colcon_core.environment:create_file_with_runtime_dependencies(/home/jiaxin/test2/install/cpp01_topic/share/colcon-core/packages/cpp01_topic)
[19.466s] Level 1:colcon.colcon_core.environment:create_environment_scripts_only(cpp01_topic)
[19.471s] Level 1:colcon.colcon_core.environment:checking '/home/jiaxin/test2/install/cpp01_topic' for CMake module files
[19.476s] Level 1:colcon.colcon_core.environment:checking '/home/jiaxin/test2/install/cpp01_topic' for CMake config files
[19.477s] Level 1:colcon.colcon_core.shell:create_environment_hook('cpp01_topic', 'cmake_prefix_path')
[19.481s] INFO:colcon.colcon_core.shell:Creating environment hook '/home/jiaxin/test2/install/cpp01_topic/share/cpp01_topic/hook/cmake_prefix_path.ps1'
[19.482s] INFO:colcon.colcon_core.shell:Creating environment descriptor '/home/jiaxin/test2/install/cpp01_topic/share/cpp01_topic/hook/cmake_prefix_path.dsv'
[19.483s] INFO:colcon.colcon_core.shell:Creating environment hook '/home/jiaxin/test2/install/cpp01_topic/share/cpp01_topic/hook/cmake_prefix_path.sh'
[19.484s] Level 1:colcon.colcon_core.environment:checking '/home/jiaxin/test2/install/cpp01_topic/lib'
[19.484s] Level 1:colcon.colcon_core.environment:checking '/home/jiaxin/test2/install/cpp01_topic/bin'
[19.484s] Level 1:colcon.colcon_core.environment:checking '/home/jiaxin/test2/install/cpp01_topic/lib/pkgconfig/cpp01_topic.pc'
[19.484s] Level 1:colcon.colcon_core.environment:checking '/home/jiaxin/test2/install/cpp01_topic/lib/python3.10/site-packages'
[19.485s] Level 1:colcon.colcon_core.environment:checking '/home/jiaxin/test2/install/cpp01_topic/bin'
[19.495s] INFO:colcon.colcon_core.shell:Creating package script '/home/jiaxin/test2/install/cpp01_topic/share/cpp01_topic/package.ps1'
[19.497s] INFO:colcon.colcon_core.shell:Creating package descriptor '/home/jiaxin/test2/install/cpp01_topic/share/cpp01_topic/package.dsv'
[19.499s] INFO:colcon.colcon_core.shell:Creating package script '/home/jiaxin/test2/install/cpp01_topic/share/cpp01_topic/package.sh'
[19.500s] INFO:colcon.colcon_core.shell:Creating package script '/home/jiaxin/test2/install/cpp01_topic/share/cpp01_topic/package.bash'
[19.501s] INFO:colcon.colcon_core.shell:Creating package script '/home/jiaxin/test2/install/cpp01_topic/share/cpp01_topic/package.zsh'
[19.502s] Level 1:colcon.colcon_core.environment:create_file_with_runtime_dependencies(/home/jiaxin/test2/install/cpp01_topic/share/colcon-core/packages/cpp01_topic)
[19.503s] DEBUG:colcon.colcon_parallel_executor.executor.parallel:closing loop
[19.504s] DEBUG:colcon.colcon_parallel_executor.executor.parallel:loop closed
[19.504s] DEBUG:colcon.colcon_parallel_executor.executor.parallel:run_until_complete finished with '0'
[19.505s] DEBUG:colcon.colcon_core.event_reactor:joining thread
[19.605s] INFO:colcon.colcon_core.plugin_system:Skipping extension 'colcon_notification.desktop_notification.notify_send': Could not find 'notify-send'
[19.606s] INFO:colcon.colcon_core.plugin_system:Skipping extension 'colcon_notification.desktop_notification.terminal_notifier': Not used on non-Darwin systems
[19.606s] INFO:colcon.colcon_core.plugin_system:Skipping extension 'colcon_notification.desktop_notification.win32': Not used on non-Windows systems
[19.606s] INFO:colcon.colcon_notification.desktop_notification:Sending desktop notification using 'notify2'
[19.633s] DEBUG:colcon.colcon_notification.desktop_notification.notify2:Failed to initialize notify2: org.freedesktop.DBus.Error.ServiceUnknown: The name org.freedesktop.Notifications was not provided by any .service files
[19.633s] DEBUG:colcon.colcon_core.event_reactor:joined thread
[19.638s] INFO:colcon.colcon_core.shell:Creating prefix script '/home/jiaxin/test2/install/local_setup.ps1'
[19.640s] INFO:colcon.colcon_core.shell:Creating prefix util module '/home/jiaxin/test2/install/_local_setup_util_ps1.py'
[19.646s] INFO:colcon.colcon_core.shell:Creating prefix chain script '/home/jiaxin/test2/install/setup.ps1'
[19.655s] INFO:colcon.colcon_core.shell:Creating prefix script '/home/jiaxin/test2/install/local_setup.sh'
[19.657s] INFO:colcon.colcon_core.shell:Creating prefix util module '/home/jiaxin/test2/install/_local_setup_util_sh.py'
[19.658s] INFO:colcon.colcon_core.shell:Creating prefix chain script '/home/jiaxin/test2/install/setup.sh'
[19.662s] INFO:colcon.colcon_core.shell:Creating prefix script '/home/jiaxin/test2/install/local_setup.bash'
[19.667s] INFO:colcon.colcon_core.shell:Creating prefix chain script '/home/jiaxin/test2/install/setup.bash'
[19.674s] INFO:colcon.colcon_core.shell:Creating prefix script '/home/jiaxin/test2/install/local_setup.zsh'
[19.676s] INFO:colcon.colcon_core.shell:Creating prefix chain script '/home/jiaxin/test2/install/setup.zsh'
