[0.047s] Invoking command in '/home/jiaxin/test2/build/base_interfaces_demo': CMAKE_PREFIX_PATH=/opt/ros/humble /usr/bin/cmake /home/jiaxin/test2/src/base_interfaces_demo -DCMAKE_INSTALL_PREFIX=/home/jiaxin/test2/install/base_interfaces_demo
[0.249s] -- The C compiler identification is GNU 11.2.0
[1.070s] -- The CXX compiler identification is GNU 11.2.0
[1.587s] -- Detecting C compiler ABI info
[1.808s] -- Detecting C compiler ABI info - done
[1.823s] -- Check for working C compiler: /usr/bin/cc - skipped
[1.823s] -- Detecting C compile features
[1.824s] -- Detecting C compile features - done
[1.828s] -- Detecting CXX compiler ABI info
[2.111s] -- Detecting CXX compiler ABI info - done
[2.140s] -- Check for working CXX compiler: /usr/bin/c++ - skipped
[2.141s] -- Detecting CXX compile features
[2.142s] -- Detecting CXX compile features - done
[2.146s] -- Found ament_cmake: 1.3.2 (/opt/ros/humble/share/ament_cmake/cmake)
[2.452s] -- Found Python3: /usr/bin/python3.10 (found version "3.10.6") found components: Interpreter 
[2.594s] -- Found rosidl_default_generators: 1.2.0 (/opt/ros/humble/share/rosidl_default_generators/cmake)
[2.597s] -- Using all available rosidl_typesupport_c: rosidl_typesupport_fastrtps_c;rosidl_typesupport_introspection_c
[2.608s] -- Found rosidl_adapter: 3.1.3 (/opt/ros/humble/share/rosidl_adapter/cmake)
[2.856s] -- Using all available rosidl_typesupport_cpp: rosidl_typesupport_fastrtps_cpp;rosidl_typesupport_introspection_cpp
[2.909s] -- Found std_msgs: 4.2.2 (/opt/ros/humble/share/std_msgs/cmake)
[3.540s] -- Found ament_cmake_ros: 0.10.0 (/opt/ros/humble/share/ament_cmake_ros/cmake)
[3.933s] -- Using all available rosidl_typesupport_c: rosidl_typesupport_fastrtps_c;rosidl_typesupport_introspection_c
[4.460s] -- Using all available rosidl_typesupport_cpp: rosidl_typesupport_fastrtps_cpp;rosidl_typesupport_introspection_cpp
[4.677s] -- Found PythonInterp: /usr/bin/python3 (found suitable version "3.10.6", minimum required is "3.6") 
[4.681s] -- Found python_cmake_module: 0.10.0 (/opt/ros/humble/share/python_cmake_module/cmake)
[5.222s] -- Found PythonLibs: /usr/lib/x86_64-linux-gnu/libpython3.10.so (found suitable version "3.10.6", minimum required is "3.5") 
[5.222s] -- Using PYTHON_EXECUTABLE: /usr/bin/python3
[5.223s] -- Using PYTHON_INCLUDE_DIRS: /usr/include/python3.10
[5.223s] -- Using PYTHON_LIBRARIES: /usr/lib/x86_64-linux-gnu/libpython3.10.so
[5.264s] -- Found PythonExtra: .so  
[5.421s] -- Found ament_lint_auto: 0.12.4 (/opt/ros/humble/share/ament_lint_auto/cmake)
[5.457s] -- Configuring done
[5.584s] -- Generating done
[5.594s] -- Build files have been written to: /home/jiaxin/test2/build/base_interfaces_demo
[5.610s] Invoked command in '/home/jiaxin/test2/build/base_interfaces_demo' returned '0': CMAKE_PREFIX_PATH=/opt/ros/humble /usr/bin/cmake /home/jiaxin/test2/src/base_interfaces_demo -DCMAKE_INSTALL_PREFIX=/home/jiaxin/test2/install/base_interfaces_demo
[5.612s] Invoking command in '/home/jiaxin/test2/build/base_interfaces_demo': CMAKE_PREFIX_PATH=/opt/ros/humble /usr/bin/cmake --build /home/jiaxin/test2/build/base_interfaces_demo -- -j4 -l4
[5.672s] [  2%] [34m[1mGenerating C code for ROS interfaces[0m
[5.689s] [  5%] [34m[1mGenerating C++ code for ROS interfaces[0m
[5.709s] [  5%] Built target ament_cmake_python_copy_base_interfaces_demo
[6.492s] running egg_info
[6.496s] creating base_interfaces_demo.egg-info
[6.496s] writing base_interfaces_demo.egg-info/PKG-INFO
[6.496s] writing dependency_links to base_interfaces_demo.egg-info/dependency_links.txt
[6.496s] writing top-level names to base_interfaces_demo.egg-info/top_level.txt
[6.498s] writing manifest file 'base_interfaces_demo.egg-info/SOURCES.txt'
[6.503s] reading manifest file 'base_interfaces_demo.egg-info/SOURCES.txt'
[6.507s] writing manifest file 'base_interfaces_demo.egg-info/SOURCES.txt'
[6.574s] [  5%] Built target ament_cmake_python_build_base_interfaces_demo_egg
[6.714s] [  5%] Built target base_interfaces_demo__cpp
[6.732s] [  7%] [34m[1mGenerating C++ type support dispatch for ROS interfaces[0m
[6.749s] [ 10%] [34m[1mGenerating C++ type support for eProsima Fast-RTPS[0m
[6.761s] [ 12%] [34m[1mGenerating C++ introspection for ROS interfaces[0m
[6.780s] [ 15%] [32mBuilding C object CMakeFiles/base_interfaces_demo__rosidl_generator_c.dir/rosidl_generator_c/base_interfaces_demo/msg/detail/input_iparaapi_fnct__functions.c.o[0m
[6.955s] [ 17%] [32mBuilding C object CMakeFiles/base_interfaces_demo__rosidl_generator_c.dir/rosidl_generator_c/base_interfaces_demo/msg/detail/output_iparaapi_fnct__functions.c.o[0m
[7.096s] [ 20%] [32m[1mLinking C shared library libbase_interfaces_demo__rosidl_generator_c.so[0m
[7.477s] [ 20%] Built target base_interfaces_demo__rosidl_generator_c
[7.502s] [ 23%] [34m[1mGenerating C type support for eProsima Fast-RTPS[0m
[7.703s] [ 25%] [32mBuilding CXX object CMakeFiles/base_interfaces_demo__rosidl_typesupport_cpp.dir/rosidl_typesupport_cpp/base_interfaces_demo/msg/input_iparaapi_fnct__type_support.cpp.o[0m
[7.821s] [ 28%] [32mBuilding CXX object CMakeFiles/base_interfaces_demo__rosidl_typesupport_introspection_cpp.dir/rosidl_typesupport_introspection_cpp/base_interfaces_demo/msg/detail/input_iparaapi_fnct__type_support.cpp.o[0m
[7.898s] [ 30%] [32mBuilding CXX object CMakeFiles/base_interfaces_demo__rosidl_typesupport_fastrtps_cpp.dir/rosidl_typesupport_fastrtps_cpp/base_interfaces_demo/msg/detail/dds_fastrtps/input_iparaapi_fnct__type_support.cpp.o[0m
[8.851s] [ 33%] [32mBuilding CXX object CMakeFiles/base_interfaces_demo__rosidl_typesupport_cpp.dir/rosidl_typesupport_cpp/base_interfaces_demo/msg/output_iparaapi_fnct__type_support.cpp.o[0m
[8.883s] [ 35%] [32mBuilding CXX object CMakeFiles/base_interfaces_demo__rosidl_typesupport_fastrtps_c.dir/rosidl_typesupport_fastrtps_c/base_interfaces_demo/msg/detail/input_iparaapi_fnct__type_support_c.cpp.o[0m
[9.322s] [ 38%] [32mBuilding CXX object CMakeFiles/base_interfaces_demo__rosidl_typesupport_introspection_cpp.dir/rosidl_typesupport_introspection_cpp/base_interfaces_demo/msg/detail/output_iparaapi_fnct__type_support.cpp.o[0m
[9.430s] [ 41%] [32mBuilding CXX object CMakeFiles/base_interfaces_demo__rosidl_typesupport_fastrtps_cpp.dir/rosidl_typesupport_fastrtps_cpp/base_interfaces_demo/msg/detail/dds_fastrtps/output_iparaapi_fnct__type_support.cpp.o[0m
[9.785s] [ 43%] [32m[1mLinking CXX shared library libbase_interfaces_demo__rosidl_typesupport_cpp.so[0m
[10.107s] [ 43%] Built target base_interfaces_demo__rosidl_typesupport_cpp
[10.149s] [ 46%] [34m[1mGenerating C introspection for ROS interfaces[0m
[10.167s] [ 48%] [32mBuilding CXX object CMakeFiles/base_interfaces_demo__rosidl_typesupport_fastrtps_c.dir/rosidl_typesupport_fastrtps_c/base_interfaces_demo/msg/detail/output_iparaapi_fnct__type_support_c.cpp.o[0m
[10.794s] [ 51%] [32m[1mLinking CXX shared library libbase_interfaces_demo__rosidl_typesupport_introspection_cpp.so[0m
[10.841s] [ 53%] [32m[1mLinking CXX shared library libbase_interfaces_demo__rosidl_typesupport_fastrtps_cpp.so[0m
[11.188s] [ 53%] Built target base_interfaces_demo__rosidl_typesupport_introspection_cpp
[11.209s] [ 56%] [34m[1mGenerating C type support dispatch for ROS interfaces[0m
[11.212s] [ 56%] Built target base_interfaces_demo__rosidl_typesupport_fastrtps_cpp
[11.325s] [ 58%] [32mBuilding C object CMakeFiles/base_interfaces_demo__rosidl_typesupport_introspection_c.dir/rosidl_typesupport_introspection_c/base_interfaces_demo/msg/detail/output_iparaapi_fnct__type_support.c.o[0m
[11.327s] [ 61%] [32mBuilding C object CMakeFiles/base_interfaces_demo__rosidl_typesupport_introspection_c.dir/rosidl_typesupport_introspection_c/base_interfaces_demo/msg/detail/input_iparaapi_fnct__type_support.c.o[0m
[11.335s] [ 64%] [32m[1mLinking CXX shared library libbase_interfaces_demo__rosidl_typesupport_fastrtps_c.so[0m
[11.438s] [ 66%] [32m[1mLinking C shared library libbase_interfaces_demo__rosidl_typesupport_introspection_c.so[0m
[11.654s] [ 66%] Built target base_interfaces_demo__rosidl_typesupport_introspection_c
[11.713s] [ 66%] Built target base_interfaces_demo__rosidl_typesupport_fastrtps_c
[11.984s] [ 69%] [32mBuilding CXX object CMakeFiles/base_interfaces_demo__rosidl_typesupport_c.dir/rosidl_typesupport_c/base_interfaces_demo/msg/output_iparaapi_fnct__type_support.cpp.o[0m
[11.987s] [ 71%] [32mBuilding CXX object CMakeFiles/base_interfaces_demo__rosidl_typesupport_c.dir/rosidl_typesupport_c/base_interfaces_demo/msg/input_iparaapi_fnct__type_support.cpp.o[0m
[12.054s] [ 74%] [32m[1mLinking CXX shared library libbase_interfaces_demo__rosidl_typesupport_c.so[0m
[12.272s] [ 74%] Built target base_interfaces_demo__rosidl_typesupport_c
[12.304s] [ 74%] Built target base_interfaces_demo
[12.338s] [ 76%] [34m[1mGenerating Python code for ROS interfaces[0m
[13.382s] [ 76%] Built target base_interfaces_demo__py
[13.410s] [ 79%] [32mBuilding C object CMakeFiles/base_interfaces_demo__rosidl_generator_py.dir/rosidl_generator_py/base_interfaces_demo/msg/_input_iparaapi_fnct_s.c.o[0m
[13.411s] [ 82%] [32mBuilding C object CMakeFiles/base_interfaces_demo__rosidl_generator_py.dir/rosidl_generator_py/base_interfaces_demo/msg/_output_iparaapi_fnct_s.c.o[0m
[13.625s] [ 84%] [32m[1mLinking C shared library rosidl_generator_py/base_interfaces_demo/libbase_interfaces_demo__rosidl_generator_py.so[0m
[13.809s] [ 84%] Built target base_interfaces_demo__rosidl_generator_py
[13.852s] [ 89%] [32mBuilding C object CMakeFiles/base_interfaces_demo__rosidl_typesupport_c__pyext.dir/rosidl_generator_py/base_interfaces_demo/_base_interfaces_demo_s.ep.rosidl_typesupport_c.c.o[0m
[13.852s] [ 87%] [32mBuilding C object CMakeFiles/base_interfaces_demo__rosidl_typesupport_fastrtps_c__pyext.dir/rosidl_generator_py/base_interfaces_demo/_base_interfaces_demo_s.ep.rosidl_typesupport_fastrtps_c.c.o[0m
[13.854s] [ 92%] [32mBuilding C object CMakeFiles/base_interfaces_demo__rosidl_typesupport_introspection_c__pyext.dir/rosidl_generator_py/base_interfaces_demo/_base_interfaces_demo_s.ep.rosidl_typesupport_introspection_c.c.o[0m
[14.095s] [ 97%] [32m[1mLinking C shared library rosidl_generator_py/base_interfaces_demo/base_interfaces_demo_s__rosidl_typesupport_fastrtps_c.cpython-310-x86_64-linux-gnu.so[0m
[14.100s] [100%] [32m[1mLinking C shared library rosidl_generator_py/base_interfaces_demo/base_interfaces_demo_s__rosidl_typesupport_introspection_c.cpython-310-x86_64-linux-gnu.so[0m
[14.100s] [100%] [32m[1mLinking C shared library rosidl_generator_py/base_interfaces_demo/base_interfaces_demo_s__rosidl_typesupport_c.cpython-310-x86_64-linux-gnu.so[0m
[14.268s] [100%] Built target base_interfaces_demo__rosidl_typesupport_introspection_c__pyext
[14.271s] [100%] Built target base_interfaces_demo__rosidl_typesupport_fastrtps_c__pyext
[14.275s] [100%] Built target base_interfaces_demo__rosidl_typesupport_c__pyext
[14.295s] Invoked command in '/home/jiaxin/test2/build/base_interfaces_demo' returned '0': CMAKE_PREFIX_PATH=/opt/ros/humble /usr/bin/cmake --build /home/jiaxin/test2/build/base_interfaces_demo -- -j4 -l4
[14.435s] Invoking command in '/home/jiaxin/test2/build/base_interfaces_demo': CMAKE_PREFIX_PATH=/opt/ros/humble /usr/bin/cmake --install /home/jiaxin/test2/build/base_interfaces_demo
[14.442s] -- Install configuration: ""
[14.446s] -- Installing: /home/jiaxin/test2/install/base_interfaces_demo/share/ament_index/resource_index/rosidl_interfaces/base_interfaces_demo
[14.447s] -- Installing: /home/jiaxin/test2/install/base_interfaces_demo/include/base_interfaces_demo/base_interfaces_demo
[14.447s] -- Installing: /home/jiaxin/test2/install/base_interfaces_demo/include/base_interfaces_demo/base_interfaces_demo/msg
[14.450s] -- Installing: /home/jiaxin/test2/install/base_interfaces_demo/include/base_interfaces_demo/base_interfaces_demo/msg/output_iparaapi_fnct.h
[14.455s] -- Installing: /home/jiaxin/test2/install/base_interfaces_demo/include/base_interfaces_demo/base_interfaces_demo/msg/input_iparaapi_fnct.h
[14.457s] -- Installing: /home/jiaxin/test2/install/base_interfaces_demo/include/base_interfaces_demo/base_interfaces_demo/msg/rosidl_generator_c__visibility_control.h
[14.457s] -- Installing: /home/jiaxin/test2/install/base_interfaces_demo/include/base_interfaces_demo/base_interfaces_demo/msg/detail
[14.457s] -- Installing: /home/jiaxin/test2/install/base_interfaces_demo/include/base_interfaces_demo/base_interfaces_demo/msg/detail/output_iparaapi_fnct__functions.h
[14.458s] -- Installing: /home/jiaxin/test2/install/base_interfaces_demo/include/base_interfaces_demo/base_interfaces_demo/msg/detail/output_iparaapi_fnct__struct.h
[14.458s] -- Installing: /home/jiaxin/test2/install/base_interfaces_demo/include/base_interfaces_demo/base_interfaces_demo/msg/detail/output_iparaapi_fnct__functions.c
[14.459s] -- Installing: /home/jiaxin/test2/install/base_interfaces_demo/include/base_interfaces_demo/base_interfaces_demo/msg/detail/input_iparaapi_fnct__struct.h
[14.459s] -- Installing: /home/jiaxin/test2/install/base_interfaces_demo/include/base_interfaces_demo/base_interfaces_demo/msg/detail/input_iparaapi_fnct__functions.h
[14.459s] -- Installing: /home/jiaxin/test2/install/base_interfaces_demo/include/base_interfaces_demo/base_interfaces_demo/msg/detail/output_iparaapi_fnct__type_support.h
[14.460s] -- Installing: /home/jiaxin/test2/install/base_interfaces_demo/include/base_interfaces_demo/base_interfaces_demo/msg/detail/input_iparaapi_fnct__type_support.h
[14.461s] -- Installing: /home/jiaxin/test2/install/base_interfaces_demo/include/base_interfaces_demo/base_interfaces_demo/msg/detail/input_iparaapi_fnct__functions.c
[14.461s] -- Installing: /home/jiaxin/test2/install/base_interfaces_demo/share/base_interfaces_demo/environment/library_path.sh
[14.462s] -- Installing: /home/jiaxin/test2/install/base_interfaces_demo/share/base_interfaces_demo/environment/library_path.dsv
[14.462s] -- Installing: /home/jiaxin/test2/install/base_interfaces_demo/lib/libbase_interfaces_demo__rosidl_generator_c.so
[14.462s] -- Set runtime path of "/home/jiaxin/test2/install/base_interfaces_demo/lib/libbase_interfaces_demo__rosidl_generator_c.so" to ""
[14.462s] -- Up-to-date: /home/jiaxin/test2/install/base_interfaces_demo/include/base_interfaces_demo/base_interfaces_demo
[14.462s] -- Up-to-date: /home/jiaxin/test2/install/base_interfaces_demo/include/base_interfaces_demo/base_interfaces_demo/msg
[14.463s] -- Installing: /home/jiaxin/test2/install/base_interfaces_demo/include/base_interfaces_demo/base_interfaces_demo/msg/rosidl_typesupport_fastrtps_c__visibility_control.h
[14.463s] -- Up-to-date: /home/jiaxin/test2/install/base_interfaces_demo/include/base_interfaces_demo/base_interfaces_demo/msg/detail
[14.463s] -- Installing: /home/jiaxin/test2/install/base_interfaces_demo/include/base_interfaces_demo/base_interfaces_demo/msg/detail/output_iparaapi_fnct__rosidl_typesupport_fastrtps_c.h
[14.463s] -- Installing: /home/jiaxin/test2/install/base_interfaces_demo/include/base_interfaces_demo/base_interfaces_demo/msg/detail/input_iparaapi_fnct__rosidl_typesupport_fastrtps_c.h
[14.464s] -- Installing: /home/jiaxin/test2/install/base_interfaces_demo/lib/libbase_interfaces_demo__rosidl_typesupport_fastrtps_c.so
[14.464s] -- Set runtime path of "/home/jiaxin/test2/install/base_interfaces_demo/lib/libbase_interfaces_demo__rosidl_typesupport_fastrtps_c.so" to ""
[14.464s] -- Up-to-date: /home/jiaxin/test2/install/base_interfaces_demo/include/base_interfaces_demo/base_interfaces_demo
[14.465s] -- Up-to-date: /home/jiaxin/test2/install/base_interfaces_demo/include/base_interfaces_demo/base_interfaces_demo/msg
[14.465s] -- Installing: /home/jiaxin/test2/install/base_interfaces_demo/include/base_interfaces_demo/base_interfaces_demo/msg/rosidl_typesupport_introspection_c__visibility_control.h
[14.465s] -- Up-to-date: /home/jiaxin/test2/install/base_interfaces_demo/include/base_interfaces_demo/base_interfaces_demo/msg/detail
[14.466s] -- Installing: /home/jiaxin/test2/install/base_interfaces_demo/include/base_interfaces_demo/base_interfaces_demo/msg/detail/output_iparaapi_fnct__rosidl_typesupport_introspection_c.h
[14.466s] -- Installing: /home/jiaxin/test2/install/base_interfaces_demo/include/base_interfaces_demo/base_interfaces_demo/msg/detail/output_iparaapi_fnct__type_support.c
[14.469s] -- Installing: /home/jiaxin/test2/install/base_interfaces_demo/include/base_interfaces_demo/base_interfaces_demo/msg/detail/input_iparaapi_fnct__rosidl_typesupport_introspection_c.h
[14.470s] -- Installing: /home/jiaxin/test2/install/base_interfaces_demo/include/base_interfaces_demo/base_interfaces_demo/msg/detail/input_iparaapi_fnct__type_support.c
[14.470s] -- Installing: /home/jiaxin/test2/install/base_interfaces_demo/lib/libbase_interfaces_demo__rosidl_typesupport_introspection_c.so
[14.471s] -- Set runtime path of "/home/jiaxin/test2/install/base_interfaces_demo/lib/libbase_interfaces_demo__rosidl_typesupport_introspection_c.so" to ""
[14.472s] -- Installing: /home/jiaxin/test2/install/base_interfaces_demo/lib/libbase_interfaces_demo__rosidl_typesupport_c.so
[14.472s] -- Set runtime path of "/home/jiaxin/test2/install/base_interfaces_demo/lib/libbase_interfaces_demo__rosidl_typesupport_c.so" to ""
[14.473s] -- Up-to-date: /home/jiaxin/test2/install/base_interfaces_demo/include/base_interfaces_demo/base_interfaces_demo
[14.473s] -- Up-to-date: /home/jiaxin/test2/install/base_interfaces_demo/include/base_interfaces_demo/base_interfaces_demo/msg
[14.474s] -- Installing: /home/jiaxin/test2/install/base_interfaces_demo/include/base_interfaces_demo/base_interfaces_demo/msg/input_iparaapi_fnct.hpp
[14.474s] -- Installing: /home/jiaxin/test2/install/base_interfaces_demo/include/base_interfaces_demo/base_interfaces_demo/msg/output_iparaapi_fnct.hpp
[14.475s] -- Up-to-date: /home/jiaxin/test2/install/base_interfaces_demo/include/base_interfaces_demo/base_interfaces_demo/msg/detail
[14.475s] -- Installing: /home/jiaxin/test2/install/base_interfaces_demo/include/base_interfaces_demo/base_interfaces_demo/msg/detail/input_iparaapi_fnct__builder.hpp
[14.476s] -- Installing: /home/jiaxin/test2/install/base_interfaces_demo/include/base_interfaces_demo/base_interfaces_demo/msg/detail/output_iparaapi_fnct__struct.hpp
[14.476s] -- Installing: /home/jiaxin/test2/install/base_interfaces_demo/include/base_interfaces_demo/base_interfaces_demo/msg/detail/output_iparaapi_fnct__builder.hpp
[14.477s] -- Installing: /home/jiaxin/test2/install/base_interfaces_demo/include/base_interfaces_demo/base_interfaces_demo/msg/detail/input_iparaapi_fnct__struct.hpp
[14.477s] -- Installing: /home/jiaxin/test2/install/base_interfaces_demo/include/base_interfaces_demo/base_interfaces_demo/msg/detail/input_iparaapi_fnct__traits.hpp
[14.478s] -- Installing: /home/jiaxin/test2/install/base_interfaces_demo/include/base_interfaces_demo/base_interfaces_demo/msg/detail/output_iparaapi_fnct__traits.hpp
[14.478s] -- Up-to-date: /home/jiaxin/test2/install/base_interfaces_demo/include/base_interfaces_demo/base_interfaces_demo
[14.482s] -- Up-to-date: /home/jiaxin/test2/install/base_interfaces_demo/include/base_interfaces_demo/base_interfaces_demo/msg
[14.483s] -- Installing: /home/jiaxin/test2/install/base_interfaces_demo/include/base_interfaces_demo/base_interfaces_demo/msg/rosidl_typesupport_fastrtps_cpp__visibility_control.h
[14.484s] -- Up-to-date: /home/jiaxin/test2/install/base_interfaces_demo/include/base_interfaces_demo/base_interfaces_demo/msg/detail
[14.484s] -- Installing: /home/jiaxin/test2/install/base_interfaces_demo/include/base_interfaces_demo/base_interfaces_demo/msg/detail/input_iparaapi_fnct__rosidl_typesupport_fastrtps_cpp.hpp
[14.484s] -- Installing: /home/jiaxin/test2/install/base_interfaces_demo/include/base_interfaces_demo/base_interfaces_demo/msg/detail/output_iparaapi_fnct__rosidl_typesupport_fastrtps_cpp.hpp
[14.484s] -- Installing: /home/jiaxin/test2/install/base_interfaces_demo/include/base_interfaces_demo/base_interfaces_demo/msg/detail/dds_fastrtps
[14.485s] -- Installing: /home/jiaxin/test2/install/base_interfaces_demo/lib/libbase_interfaces_demo__rosidl_typesupport_fastrtps_cpp.so
[14.486s] -- Set runtime path of "/home/jiaxin/test2/install/base_interfaces_demo/lib/libbase_interfaces_demo__rosidl_typesupport_fastrtps_cpp.so" to ""
[14.486s] -- Up-to-date: /home/jiaxin/test2/install/base_interfaces_demo/include/base_interfaces_demo/base_interfaces_demo
[14.486s] -- Up-to-date: /home/jiaxin/test2/install/base_interfaces_demo/include/base_interfaces_demo/base_interfaces_demo/msg
[14.487s] -- Up-to-date: /home/jiaxin/test2/install/base_interfaces_demo/include/base_interfaces_demo/base_interfaces_demo/msg/detail
[14.487s] -- Installing: /home/jiaxin/test2/install/base_interfaces_demo/include/base_interfaces_demo/base_interfaces_demo/msg/detail/input_iparaapi_fnct__type_support.cpp
[14.488s] -- Installing: /home/jiaxin/test2/install/base_interfaces_demo/include/base_interfaces_demo/base_interfaces_demo/msg/detail/input_iparaapi_fnct__rosidl_typesupport_introspection_cpp.hpp
[14.488s] -- Installing: /home/jiaxin/test2/install/base_interfaces_demo/include/base_interfaces_demo/base_interfaces_demo/msg/detail/output_iparaapi_fnct__type_support.cpp
[14.488s] -- Installing: /home/jiaxin/test2/install/base_interfaces_demo/include/base_interfaces_demo/base_interfaces_demo/msg/detail/output_iparaapi_fnct__rosidl_typesupport_introspection_cpp.hpp
[14.489s] -- Installing: /home/jiaxin/test2/install/base_interfaces_demo/lib/libbase_interfaces_demo__rosidl_typesupport_introspection_cpp.so
[14.489s] -- Set runtime path of "/home/jiaxin/test2/install/base_interfaces_demo/lib/libbase_interfaces_demo__rosidl_typesupport_introspection_cpp.so" to ""
[14.489s] -- Installing: /home/jiaxin/test2/install/base_interfaces_demo/lib/libbase_interfaces_demo__rosidl_typesupport_cpp.so
[14.490s] -- Set runtime path of "/home/jiaxin/test2/install/base_interfaces_demo/lib/libbase_interfaces_demo__rosidl_typesupport_cpp.so" to ""
[14.490s] -- Installing: /home/jiaxin/test2/install/base_interfaces_demo/share/base_interfaces_demo/environment/pythonpath.sh
[14.490s] -- Installing: /home/jiaxin/test2/install/base_interfaces_demo/share/base_interfaces_demo/environment/pythonpath.dsv
[14.491s] -- Installing: /home/jiaxin/test2/install/base_interfaces_demo/local/lib/python3.10/dist-packages/base_interfaces_demo-0.0.0-py3.10.egg-info
[14.491s] -- Installing: /home/jiaxin/test2/install/base_interfaces_demo/local/lib/python3.10/dist-packages/base_interfaces_demo-0.0.0-py3.10.egg-info/top_level.txt
[14.491s] -- Installing: /home/jiaxin/test2/install/base_interfaces_demo/local/lib/python3.10/dist-packages/base_interfaces_demo-0.0.0-py3.10.egg-info/dependency_links.txt
[14.492s] -- Installing: /home/jiaxin/test2/install/base_interfaces_demo/local/lib/python3.10/dist-packages/base_interfaces_demo-0.0.0-py3.10.egg-info/SOURCES.txt
[14.492s] -- Installing: /home/jiaxin/test2/install/base_interfaces_demo/local/lib/python3.10/dist-packages/base_interfaces_demo-0.0.0-py3.10.egg-info/PKG-INFO
[14.492s] -- Installing: /home/jiaxin/test2/install/base_interfaces_demo/local/lib/python3.10/dist-packages/base_interfaces_demo
[14.493s] -- Installing: /home/jiaxin/test2/install/base_interfaces_demo/local/lib/python3.10/dist-packages/base_interfaces_demo/_base_interfaces_demo_s.ep.rosidl_typesupport_introspection_c.c
[14.493s] -- Installing: /home/jiaxin/test2/install/base_interfaces_demo/local/lib/python3.10/dist-packages/base_interfaces_demo/_base_interfaces_demo_s.ep.rosidl_typesupport_c.c
[14.493s] -- Installing: /home/jiaxin/test2/install/base_interfaces_demo/local/lib/python3.10/dist-packages/base_interfaces_demo/libbase_interfaces_demo__rosidl_generator_py.so
[14.494s] -- Installing: /home/jiaxin/test2/install/base_interfaces_demo/local/lib/python3.10/dist-packages/base_interfaces_demo/base_interfaces_demo_s__rosidl_typesupport_fastrtps_c.cpython-310-x86_64-linux-gnu.so
[14.494s] -- Installing: /home/jiaxin/test2/install/base_interfaces_demo/local/lib/python3.10/dist-packages/base_interfaces_demo/msg
[14.495s] -- Installing: /home/jiaxin/test2/install/base_interfaces_demo/local/lib/python3.10/dist-packages/base_interfaces_demo/msg/_input_iparaapi_fnct_s.c
[14.495s] -- Installing: /home/jiaxin/test2/install/base_interfaces_demo/local/lib/python3.10/dist-packages/base_interfaces_demo/msg/_output_iparaapi_fnct_s.c
[14.495s] -- Installing: /home/jiaxin/test2/install/base_interfaces_demo/local/lib/python3.10/dist-packages/base_interfaces_demo/msg/_output_iparaapi_fnct.py
[14.495s] -- Installing: /home/jiaxin/test2/install/base_interfaces_demo/local/lib/python3.10/dist-packages/base_interfaces_demo/msg/_input_iparaapi_fnct.py
[14.496s] -- Installing: /home/jiaxin/test2/install/base_interfaces_demo/local/lib/python3.10/dist-packages/base_interfaces_demo/msg/__init__.py
[14.496s] -- Installing: /home/jiaxin/test2/install/base_interfaces_demo/local/lib/python3.10/dist-packages/base_interfaces_demo/base_interfaces_demo_s__rosidl_typesupport_c.cpython-310-x86_64-linux-gnu.so
[14.497s] -- Installing: /home/jiaxin/test2/install/base_interfaces_demo/local/lib/python3.10/dist-packages/base_interfaces_demo/_base_interfaces_demo_s.ep.rosidl_typesupport_fastrtps_c.c
[14.498s] -- Installing: /home/jiaxin/test2/install/base_interfaces_demo/local/lib/python3.10/dist-packages/base_interfaces_demo/base_interfaces_demo_s__rosidl_typesupport_introspection_c.cpython-310-x86_64-linux-gnu.so
[14.499s] -- Installing: /home/jiaxin/test2/install/base_interfaces_demo/local/lib/python3.10/dist-packages/base_interfaces_demo/__init__.py
[14.551s] Listing '/home/jiaxin/test2/install/base_interfaces_demo/local/lib/python3.10/dist-packages/base_interfaces_demo'...
[14.551s] Compiling '/home/jiaxin/test2/install/base_interfaces_demo/local/lib/python3.10/dist-packages/base_interfaces_demo/__init__.py'...
[14.552s] Listing '/home/jiaxin/test2/install/base_interfaces_demo/local/lib/python3.10/dist-packages/base_interfaces_demo/msg'...
[14.552s] Compiling '/home/jiaxin/test2/install/base_interfaces_demo/local/lib/python3.10/dist-packages/base_interfaces_demo/msg/__init__.py'...
[14.552s] Compiling '/home/jiaxin/test2/install/base_interfaces_demo/local/lib/python3.10/dist-packages/base_interfaces_demo/msg/_input_iparaapi_fnct.py'...
[14.553s] Compiling '/home/jiaxin/test2/install/base_interfaces_demo/local/lib/python3.10/dist-packages/base_interfaces_demo/msg/_output_iparaapi_fnct.py'...
[14.562s] -- Installing: /home/jiaxin/test2/install/base_interfaces_demo/local/lib/python3.10/dist-packages/base_interfaces_demo/base_interfaces_demo_s__rosidl_typesupport_fastrtps_c.cpython-310-x86_64-linux-gnu.so
[14.563s] -- Set runtime path of "/home/jiaxin/test2/install/base_interfaces_demo/local/lib/python3.10/dist-packages/base_interfaces_demo/base_interfaces_demo_s__rosidl_typesupport_fastrtps_c.cpython-310-x86_64-linux-gnu.so" to ""
[14.563s] -- Installing: /home/jiaxin/test2/install/base_interfaces_demo/local/lib/python3.10/dist-packages/base_interfaces_demo/base_interfaces_demo_s__rosidl_typesupport_introspection_c.cpython-310-x86_64-linux-gnu.so
[14.564s] -- Set runtime path of "/home/jiaxin/test2/install/base_interfaces_demo/local/lib/python3.10/dist-packages/base_interfaces_demo/base_interfaces_demo_s__rosidl_typesupport_introspection_c.cpython-310-x86_64-linux-gnu.so" to ""
[14.565s] -- Installing: /home/jiaxin/test2/install/base_interfaces_demo/local/lib/python3.10/dist-packages/base_interfaces_demo/base_interfaces_demo_s__rosidl_typesupport_c.cpython-310-x86_64-linux-gnu.so
[14.568s] -- Set runtime path of "/home/jiaxin/test2/install/base_interfaces_demo/local/lib/python3.10/dist-packages/base_interfaces_demo/base_interfaces_demo_s__rosidl_typesupport_c.cpython-310-x86_64-linux-gnu.so" to ""
[14.569s] -- Installing: /home/jiaxin/test2/install/base_interfaces_demo/lib/libbase_interfaces_demo__rosidl_generator_py.so
[14.570s] -- Set runtime path of "/home/jiaxin/test2/install/base_interfaces_demo/lib/libbase_interfaces_demo__rosidl_generator_py.so" to ""
[14.570s] -- Installing: /home/jiaxin/test2/install/base_interfaces_demo/share/base_interfaces_demo/msg/InputIPARAAPIFnct.idl
[14.571s] -- Installing: /home/jiaxin/test2/install/base_interfaces_demo/share/base_interfaces_demo/msg/OutputIPARAAPIFnct.idl
[14.571s] -- Installing: /home/jiaxin/test2/install/base_interfaces_demo/share/base_interfaces_demo/msg/InputIPARAAPIFnct.msg
[14.572s] -- Installing: /home/jiaxin/test2/install/base_interfaces_demo/share/base_interfaces_demo/msg/OutputIPARAAPIFnct.msg
[14.573s] -- Installing: /home/jiaxin/test2/install/base_interfaces_demo/share/ament_index/resource_index/package_run_dependencies/base_interfaces_demo
[14.574s] -- Installing: /home/jiaxin/test2/install/base_interfaces_demo/share/ament_index/resource_index/parent_prefix_path/base_interfaces_demo
[14.575s] -- Installing: /home/jiaxin/test2/install/base_interfaces_demo/share/base_interfaces_demo/environment/ament_prefix_path.sh
[14.577s] -- Installing: /home/jiaxin/test2/install/base_interfaces_demo/share/base_interfaces_demo/environment/ament_prefix_path.dsv
[14.577s] -- Installing: /home/jiaxin/test2/install/base_interfaces_demo/share/base_interfaces_demo/environment/path.sh
[14.584s] -- Installing: /home/jiaxin/test2/install/base_interfaces_demo/share/base_interfaces_demo/environment/path.dsv
[14.585s] -- Installing: /home/jiaxin/test2/install/base_interfaces_demo/share/base_interfaces_demo/local_setup.bash
[14.585s] -- Installing: /home/jiaxin/test2/install/base_interfaces_demo/share/base_interfaces_demo/local_setup.sh
[14.585s] -- Installing: /home/jiaxin/test2/install/base_interfaces_demo/share/base_interfaces_demo/local_setup.zsh
[14.586s] -- Installing: /home/jiaxin/test2/install/base_interfaces_demo/share/base_interfaces_demo/local_setup.dsv
[14.586s] -- Installing: /home/jiaxin/test2/install/base_interfaces_demo/share/base_interfaces_demo/package.dsv
[14.586s] -- Installing: /home/jiaxin/test2/install/base_interfaces_demo/share/ament_index/resource_index/packages/base_interfaces_demo
[14.586s] -- Installing: /home/jiaxin/test2/install/base_interfaces_demo/share/base_interfaces_demo/cmake/export_base_interfaces_demo__rosidl_generator_cExport.cmake
[14.587s] -- Installing: /home/jiaxin/test2/install/base_interfaces_demo/share/base_interfaces_demo/cmake/export_base_interfaces_demo__rosidl_generator_cExport-noconfig.cmake
[14.588s] -- Installing: /home/jiaxin/test2/install/base_interfaces_demo/share/base_interfaces_demo/cmake/export_base_interfaces_demo__rosidl_typesupport_fastrtps_cExport.cmake
[14.588s] -- Installing: /home/jiaxin/test2/install/base_interfaces_demo/share/base_interfaces_demo/cmake/export_base_interfaces_demo__rosidl_typesupport_fastrtps_cExport-noconfig.cmake
[14.588s] -- Installing: /home/jiaxin/test2/install/base_interfaces_demo/share/base_interfaces_demo/cmake/base_interfaces_demo__rosidl_typesupport_introspection_cExport.cmake
[14.588s] -- Installing: /home/jiaxin/test2/install/base_interfaces_demo/share/base_interfaces_demo/cmake/base_interfaces_demo__rosidl_typesupport_introspection_cExport-noconfig.cmake
[14.589s] -- Installing: /home/jiaxin/test2/install/base_interfaces_demo/share/base_interfaces_demo/cmake/base_interfaces_demo__rosidl_typesupport_cExport.cmake
[14.589s] -- Installing: /home/jiaxin/test2/install/base_interfaces_demo/share/base_interfaces_demo/cmake/base_interfaces_demo__rosidl_typesupport_cExport-noconfig.cmake
[14.590s] -- Installing: /home/jiaxin/test2/install/base_interfaces_demo/share/base_interfaces_demo/cmake/export_base_interfaces_demo__rosidl_generator_cppExport.cmake
[14.590s] -- Installing: /home/jiaxin/test2/install/base_interfaces_demo/share/base_interfaces_demo/cmake/export_base_interfaces_demo__rosidl_typesupport_fastrtps_cppExport.cmake
[14.590s] -- Installing: /home/jiaxin/test2/install/base_interfaces_demo/share/base_interfaces_demo/cmake/export_base_interfaces_demo__rosidl_typesupport_fastrtps_cppExport-noconfig.cmake
[14.591s] -- Installing: /home/jiaxin/test2/install/base_interfaces_demo/share/base_interfaces_demo/cmake/base_interfaces_demo__rosidl_typesupport_introspection_cppExport.cmake
[14.591s] -- Installing: /home/jiaxin/test2/install/base_interfaces_demo/share/base_interfaces_demo/cmake/base_interfaces_demo__rosidl_typesupport_introspection_cppExport-noconfig.cmake
[14.591s] -- Installing: /home/jiaxin/test2/install/base_interfaces_demo/share/base_interfaces_demo/cmake/base_interfaces_demo__rosidl_typesupport_cppExport.cmake
[14.591s] -- Installing: /home/jiaxin/test2/install/base_interfaces_demo/share/base_interfaces_demo/cmake/base_interfaces_demo__rosidl_typesupport_cppExport-noconfig.cmake
[14.592s] -- Installing: /home/jiaxin/test2/install/base_interfaces_demo/share/base_interfaces_demo/cmake/export_base_interfaces_demo__rosidl_generator_pyExport.cmake
[14.592s] -- Installing: /home/jiaxin/test2/install/base_interfaces_demo/share/base_interfaces_demo/cmake/export_base_interfaces_demo__rosidl_generator_pyExport-noconfig.cmake
[14.593s] -- Installing: /home/jiaxin/test2/install/base_interfaces_demo/share/base_interfaces_demo/cmake/rosidl_cmake-extras.cmake
[14.593s] -- Installing: /home/jiaxin/test2/install/base_interfaces_demo/share/base_interfaces_demo/cmake/ament_cmake_export_dependencies-extras.cmake
[14.594s] -- Installing: /home/jiaxin/test2/install/base_interfaces_demo/share/base_interfaces_demo/cmake/ament_cmake_export_include_directories-extras.cmake
[14.595s] -- Installing: /home/jiaxin/test2/install/base_interfaces_demo/share/base_interfaces_demo/cmake/ament_cmake_export_libraries-extras.cmake
[14.595s] -- Installing: /home/jiaxin/test2/install/base_interfaces_demo/share/base_interfaces_demo/cmake/ament_cmake_export_targets-extras.cmake
[14.596s] -- Installing: /home/jiaxin/test2/install/base_interfaces_demo/share/base_interfaces_demo/cmake/rosidl_cmake_export_typesupport_targets-extras.cmake
[14.596s] -- Installing: /home/jiaxin/test2/install/base_interfaces_demo/share/base_interfaces_demo/cmake/rosidl_cmake_export_typesupport_libraries-extras.cmake
[14.598s] -- Installing: /home/jiaxin/test2/install/base_interfaces_demo/share/base_interfaces_demo/cmake/base_interfaces_demoConfig.cmake
[14.598s] -- Installing: /home/jiaxin/test2/install/base_interfaces_demo/share/base_interfaces_demo/cmake/base_interfaces_demoConfig-version.cmake
[14.599s] -- Installing: /home/jiaxin/test2/install/base_interfaces_demo/share/base_interfaces_demo/package.xml
[14.602s] Invoked command in '/home/jiaxin/test2/build/base_interfaces_demo' returned '0': CMAKE_PREFIX_PATH=/opt/ros/humble /usr/bin/cmake --install /home/jiaxin/test2/build/base_interfaces_demo
