[0.221s] Invoking command in '/home/jiaxin/test2/build/cpp01_topic': CMAKE_PREFIX_PATH=${CMAKE_PREFIX_PATH}:/opt/ros/humble /usr/bin/cmake /home/jiaxin/test2/src/cpp01_topic -DCMAKE_INSTALL_PREFIX=/home/jiaxin/test2/install/cpp01_topic
[0.941s] -- The C compiler identification is GNU 11.2.0
[1.965s] -- The CXX compiler identification is GNU 11.2.0
[2.522s] -- Detecting C compiler ABI info
[2.924s] -- Detecting C compiler ABI info - done
[2.943s] -- Check for working C compiler: /usr/bin/cc - skipped
[2.943s] -- Detecting C compile features
[2.944s] -- Detecting C compile features - done
[2.948s] -- Detecting CXX compiler ABI info
[3.463s] -- Detecting CXX compiler ABI info - done
[3.481s] -- Check for working CXX compiler: /usr/bin/c++ - skipped
[3.482s] -- Detecting CXX compile features
[3.483s] -- Detecting CXX compile features - done
[3.491s] -- Found ament_cmake: 1.3.2 (/opt/ros/humble/share/ament_cmake/cmake)
[4.182s] -- Found Python3: /usr/bin/python3.10 (found version "3.10.6") found components: Interpreter 
[4.492s] -- Found rclcpp: 16.0.1 (/opt/ros/humble/share/rclcpp/cmake)
[4.807s] -- Found rosidl_generator_c: 3.1.3 (/opt/ros/humble/share/rosidl_generator_c/cmake)
[4.814s] -- Found rosidl_adapter: 3.1.3 (/opt/ros/humble/share/rosidl_adapter/cmake)
[4.827s] -- Found rosidl_generator_cpp: 3.1.3 (/opt/ros/humble/share/rosidl_generator_cpp/cmake)
[4.857s] -- Using all available rosidl_typesupport_c: rosidl_typesupport_fastrtps_c;rosidl_typesupport_introspection_c
[4.909s] -- Using all available rosidl_typesupport_cpp: rosidl_typesupport_fastrtps_cpp;rosidl_typesupport_introspection_cpp
[5.107s] -- Found rmw_implementation_cmake: 6.1.0 (/opt/ros/humble/share/rmw_implementation_cmake/cmake)
[5.112s] -- Found rmw_fastrtps_cpp: 6.2.1 (/opt/ros/humble/share/rmw_fastrtps_cpp/cmake)
[6.960s] -- Found OpenSSL: /usr/lib/x86_64-linux-gnu/libcrypto.so (found version "3.0.2")  
[8.983s] -- Found FastRTPS: /opt/ros/humble/include  
[12.859s] -- Using RMW implementation 'rmw_fastrtps_cpp' as default
[13.192s] -- Found base_interfaces_demo: 0.0.0 (/home/jiaxin/test2/install/base_interfaces_demo/share/base_interfaces_demo/cmake)
[13.306s] -- Found ament_lint_auto: 0.12.4 (/opt/ros/humble/share/ament_lint_auto/cmake)
[13.464s] -- Added test 'cppcheck' to perform static code analysis on C / C++ code
[13.465s] -- Configured cppcheck include dirs: 
[13.465s] -- Configured cppcheck exclude dirs and/or files: 
[13.468s] -- Added test 'lint_cmake' to check CMake code style
[13.470s] -- Added test 'uncrustify' to check C / C++ code style
[13.470s] -- Configured uncrustify additional arguments: 
[13.471s] -- Added test 'xmllint' to check XML markup files
[13.474s] -- Configuring done
[13.508s] -- Generating done
[13.516s] -- Build files have been written to: /home/jiaxin/test2/build/cpp01_topic
[13.540s] Invoked command in '/home/jiaxin/test2/build/cpp01_topic' returned '0': CMAKE_PREFIX_PATH=${CMAKE_PREFIX_PATH}:/opt/ros/humble /usr/bin/cmake /home/jiaxin/test2/src/cpp01_topic -DCMAKE_INSTALL_PREFIX=/home/jiaxin/test2/install/cpp01_topic
[13.545s] Invoking command in '/home/jiaxin/test2/build/cpp01_topic': CMAKE_PREFIX_PATH=${CMAKE_PREFIX_PATH}:/opt/ros/humble /usr/bin/cmake --build /home/jiaxin/test2/build/cpp01_topic -- -j4 -l4
[13.614s] [ 16%] [32mBuilding CXX object CMakeFiles/demo01_talker.dir/src/demo01_talker.cpp.o[0m
[13.615s] [ 33%] [32mBuilding CXX object CMakeFiles/demo02_transfer.dir/src/demo02_transfer.cpp.o[0m
[13.615s] [ 50%] [32mBuilding CXX object CMakeFiles/demo03_listener.dir/src/demo03_listener.cpp.o[0m
[30.573s] [ 66%] [32m[1mLinking CXX executable demo01_talker[0m
[31.770s] [ 66%] Built target demo01_talker
[41.615s] [ 83%] [32m[1mLinking CXX executable demo03_listener[0m
[41.805s] [100%] [32m[1mLinking CXX executable demo02_transfer[0m
[42.968s] [100%] Built target demo03_listener
[43.124s] [100%] Built target demo02_transfer
[43.144s] Invoked command in '/home/jiaxin/test2/build/cpp01_topic' returned '0': CMAKE_PREFIX_PATH=${CMAKE_PREFIX_PATH}:/opt/ros/humble /usr/bin/cmake --build /home/jiaxin/test2/build/cpp01_topic -- -j4 -l4
[43.202s] Invoking command in '/home/jiaxin/test2/build/cpp01_topic': CMAKE_PREFIX_PATH=${CMAKE_PREFIX_PATH}:/opt/ros/humble /usr/bin/cmake --install /home/jiaxin/test2/build/cpp01_topic
[43.214s] -- Install configuration: ""
[43.215s] -- Installing: /home/jiaxin/test2/install/cpp01_topic/lib/cpp01_topic/demo01_talker
[43.225s] -- Set runtime path of "/home/jiaxin/test2/install/cpp01_topic/lib/cpp01_topic/demo01_talker" to ""
[43.225s] -- Installing: /home/jiaxin/test2/install/cpp01_topic/lib/cpp01_topic/demo02_transfer
[43.233s] -- Set runtime path of "/home/jiaxin/test2/install/cpp01_topic/lib/cpp01_topic/demo02_transfer" to ""
[43.233s] -- Installing: /home/jiaxin/test2/install/cpp01_topic/lib/cpp01_topic/demo03_listener
[43.244s] -- Set runtime path of "/home/jiaxin/test2/install/cpp01_topic/lib/cpp01_topic/demo03_listener" to ""
[43.245s] -- Installing: /home/jiaxin/test2/install/cpp01_topic/share/ament_index/resource_index/package_run_dependencies/cpp01_topic
[43.247s] -- Installing: /home/jiaxin/test2/install/cpp01_topic/share/ament_index/resource_index/parent_prefix_path/cpp01_topic
[43.249s] -- Installing: /home/jiaxin/test2/install/cpp01_topic/share/cpp01_topic/environment/ament_prefix_path.sh
[43.249s] -- Installing: /home/jiaxin/test2/install/cpp01_topic/share/cpp01_topic/environment/ament_prefix_path.dsv
[43.250s] -- Installing: /home/jiaxin/test2/install/cpp01_topic/share/cpp01_topic/environment/path.sh
[43.250s] -- Installing: /home/jiaxin/test2/install/cpp01_topic/share/cpp01_topic/environment/path.dsv
[43.251s] -- Installing: /home/jiaxin/test2/install/cpp01_topic/share/cpp01_topic/local_setup.bash
[43.251s] -- Installing: /home/jiaxin/test2/install/cpp01_topic/share/cpp01_topic/local_setup.sh
[43.254s] -- Installing: /home/jiaxin/test2/install/cpp01_topic/share/cpp01_topic/local_setup.zsh
[43.255s] -- Installing: /home/jiaxin/test2/install/cpp01_topic/share/cpp01_topic/local_setup.dsv
[43.255s] -- Installing: /home/jiaxin/test2/install/cpp01_topic/share/cpp01_topic/package.dsv
[43.256s] -- Installing: /home/jiaxin/test2/install/cpp01_topic/share/ament_index/resource_index/packages/cpp01_topic
[43.256s] -- Installing: /home/jiaxin/test2/install/cpp01_topic/share/cpp01_topic/cmake/cpp01_topicConfig.cmake
[43.257s] -- Installing: /home/jiaxin/test2/install/cpp01_topic/share/cpp01_topic/cmake/cpp01_topicConfig-version.cmake
[43.257s] -- Installing: /home/jiaxin/test2/install/cpp01_topic/share/cpp01_topic/package.xml
[43.262s] Invoked command in '/home/jiaxin/test2/build/cpp01_topic' returned '0': CMAKE_PREFIX_PATH=${CMAKE_PREFIX_PATH}:/opt/ros/humble /usr/bin/cmake --install /home/jiaxin/test2/build/cpp01_topic
