[0.164s] Invoking command in '/home/jiaxin/test2/build/cpp01_topic': CMAKE_PREFIX_PATH=/home/jiaxin/test2/install/base_interfaces_demo:/home/jiaxin/test2/install/cpp01_topic:/opt/ros/humble /usr/bin/cmake --build /home/jiaxin/test2/build/cpp01_topic -- -j4 -l4
[0.222s] [35m[1mConsolidate compiler generated dependencies of target demo01_talker[0m
[0.241s] [ 33%] Built target demo02_transfer
[0.243s] [ 66%] Built target demo03_listener
[0.249s] [ 83%] [32mBuilding CXX object CMakeFiles/demo01_talker.dir/src/demo01_talker.cpp.o[0m
[4.474s] In file included from [01m[K/opt/ros/humble/include/rclcpp/rclcpp/logging.hpp:24[m[K,
[4.475s]                  from [01m[K/opt/ros/humble/include/rclcpp/rclcpp/client.hpp:40[m[K,
[4.475s]                  from [01m[K/opt/ros/humble/include/rclcpp/rclcpp/callback_group.hpp:23[m[K,
[4.475s]                  from [01m[K/opt/ros/humble/include/rclcpp/rclcpp/any_executable.hpp:20[m[K,
[4.476s]                  from [01m[K/opt/ros/humble/include/rclcpp/rclcpp/memory_strategy.hpp:25[m[K,
[4.476s]                  from [01m[K/opt/ros/humble/include/rclcpp/rclcpp/memory_strategies.hpp:18[m[K,
[4.476s]                  from [01m[K/opt/ros/humble/include/rclcpp/rclcpp/executor_options.hpp:20[m[K,
[4.477s]                  from [01m[K/opt/ros/humble/include/rclcpp/rclcpp/executor.hpp:37[m[K,
[4.477s]                  from [01m[K/opt/ros/humble/include/rclcpp/rclcpp/executors/multi_threaded_executor.hpp:25[m[K,
[4.477s]                  from [01m[K/opt/ros/humble/include/rclcpp/rclcpp/executors.hpp:21[m[K,
[4.477s]                  from [01m[K/opt/ros/humble/include/rclcpp/rclcpp/rclcpp.hpp:155[m[K,
[4.478s]                  from [01m[K/home/jiaxin/test2/src/cpp01_topic/src/demo01_talker.cpp:6[m[K:
[4.478s] [01m[K/home/jiaxin/test2/src/cpp01_topic/src/demo01_talker.cpp:[m[K In member function ‘[01m[Kvoid TalkerIn::update_param()[m[K’:
[4.478s] [01m[K/home/jiaxin/test2/src/cpp01_topic/src/demo01_talker.cpp:37:38:[m[K [01;35m[Kwarning: [m[Kformat ‘[01m[K%d[m[K’ expects argument of type ‘[01m[Kint[m[K’, but argument 5 has type ‘[01m[Kint64_t[m[K’ {aka ‘[01m[Klong int[m[K’} [[01;35m[K]8;;https://gcc.gnu.org/onlinedocs/gcc/Warning-Options.html#index-Wformat=-Wformat=]8;;[m[K]
[4.479s]    37 | CPP_INFO(this->get_logger(),[01;35m[K"Fahrer_bremst:%d"[m[K,[32m[Kthis->get_parameter("Fahrer_bremst").as_int()[m[K);
[4.479s]       |                             [01;35m[K^~~~~~~~~~~~~~~~~~[m[K [32m[K~~~~~~~~~~~~~~~~~~~~~~~~~~~~~~~~~~~~~~~~~~~~~[m[K
[4.479s]       |                                                                                           [32m[K|[m[K
[4.480s]       |                                                                                           [32m[Kint64_t {aka long int}[m[K
[4.480s] 
[4.480s] [01m[K/home/jiaxin/test2/src/cpp01_topic/src/demo01_talker.cpp:37:54:[m[K [01;36m[Knote: [m[Kformat string is defined here
[4.480s]    37 | et_logger(),"Fahrer_bremst:[01;36m[K%d[m[K",this->get_parameter("Fahrer_bremst").as_int());
[4.481s]       |                            [01;36m[K~^[m[K
[4.481s]       |                             [01;36m[K|[m[K
[4.481s]       |                             [01;36m[Kint[m[K
[4.482s]       |                            [32m[K%ld[m[K
[7.845s] [100%] [32m[1mLinking CXX executable demo01_talker[0m
[8.457s] [100%] Built target demo01_talker
[8.473s] Invoked command in '/home/jiaxin/test2/build/cpp01_topic' returned '0': CMAKE_PREFIX_PATH=/home/jiaxin/test2/install/base_interfaces_demo:/home/jiaxin/test2/install/cpp01_topic:/opt/ros/humble /usr/bin/cmake --build /home/jiaxin/test2/build/cpp01_topic -- -j4 -l4
[8.532s] Invoking command in '/home/jiaxin/test2/build/cpp01_topic': CMAKE_PREFIX_PATH=/home/jiaxin/test2/install/base_interfaces_demo:/home/jiaxin/test2/install/cpp01_topic:/opt/ros/humble /usr/bin/cmake --install /home/jiaxin/test2/build/cpp01_topic
[8.540s] -- Install configuration: ""
[8.541s] -- Installing: /home/jiaxin/test2/install/cpp01_topic/lib/cpp01_topic/demo01_talker
[8.544s] -- Set runtime path of "/home/jiaxin/test2/install/cpp01_topic/lib/cpp01_topic/demo01_talker" to ""
[8.544s] -- Up-to-date: /home/jiaxin/test2/install/cpp01_topic/lib/cpp01_topic/demo02_transfer
[8.546s] -- Up-to-date: /home/jiaxin/test2/install/cpp01_topic/lib/cpp01_topic/demo03_listener
[8.547s] -- Up-to-date: /home/jiaxin/test2/install/cpp01_topic/share/ament_index/resource_index/package_run_dependencies/cpp01_topic
[8.547s] -- Up-to-date: /home/jiaxin/test2/install/cpp01_topic/share/ament_index/resource_index/parent_prefix_path/cpp01_topic
[8.547s] -- Up-to-date: /home/jiaxin/test2/install/cpp01_topic/share/cpp01_topic/environment/ament_prefix_path.sh
[8.548s] -- Up-to-date: /home/jiaxin/test2/install/cpp01_topic/share/cpp01_topic/environment/ament_prefix_path.dsv
[8.548s] -- Up-to-date: /home/jiaxin/test2/install/cpp01_topic/share/cpp01_topic/environment/path.sh
[8.549s] -- Up-to-date: /home/jiaxin/test2/install/cpp01_topic/share/cpp01_topic/environment/path.dsv
[8.549s] -- Up-to-date: /home/jiaxin/test2/install/cpp01_topic/share/cpp01_topic/local_setup.bash
[8.550s] -- Up-to-date: /home/jiaxin/test2/install/cpp01_topic/share/cpp01_topic/local_setup.sh
[8.552s] -- Up-to-date: /home/jiaxin/test2/install/cpp01_topic/share/cpp01_topic/local_setup.zsh
[8.553s] -- Up-to-date: /home/jiaxin/test2/install/cpp01_topic/share/cpp01_topic/local_setup.dsv
[8.554s] -- Installing: /home/jiaxin/test2/install/cpp01_topic/share/cpp01_topic/package.dsv
[8.556s] -- Up-to-date: /home/jiaxin/test2/install/cpp01_topic/share/ament_index/resource_index/packages/cpp01_topic
[8.558s] -- Up-to-date: /home/jiaxin/test2/install/cpp01_topic/share/cpp01_topic/cmake/cpp01_topicConfig.cmake
[8.559s] -- Up-to-date: /home/jiaxin/test2/install/cpp01_topic/share/cpp01_topic/cmake/cpp01_topicConfig-version.cmake
[8.561s] -- Up-to-date: /home/jiaxin/test2/install/cpp01_topic/share/cpp01_topic/package.xml
[8.563s] Invoked command in '/home/jiaxin/test2/build/cpp01_topic' returned '0': CMAKE_PREFIX_PATH=/home/jiaxin/test2/install/base_interfaces_demo:/home/jiaxin/test2/install/cpp01_topic:/opt/ros/humble /usr/bin/cmake --install /home/jiaxin/test2/build/cpp01_topic
