[0.172s] Invoking command in '/home/jiaxin/test2/build/cpp01_topic': CMAKE_PREFIX_PATH=/home/jiaxin/test2/install/base_interfaces_demo:/home/jiaxin/test2/install/cpp01_topic:/opt/ros/humble /usr/bin/cmake --build /home/jiaxin/test2/build/cpp01_topic -- -j4 -l4
[0.242s] [35m[1mConsolidate compiler generated dependencies of target demo01_talker[0m
[0.249s] [35m[1mConsolidate compiler generated dependencies of target demo02_transfer[0m
[0.301s] [ 20%] Built target demo03_listener
[0.302s] [ 40%] Built target demo02_transfer
[0.312s] [35m[1mConsolidate compiler generated dependencies of target demo04_test_pub[0m
[0.322s] [ 60%] Built target demo01_talker
[0.328s] [ 70%] [32mBuilding CXX object CMakeFiles/demo04_test_pub.dir/src/demo04_test_pub.cpp.o[0m
[0.330s] [35m[1mConsolidate compiler generated dependencies of target demo05_test_sub[0m
[0.351s] [ 80%] [32mBuilding CXX object CMakeFiles/demo05_test_sub.dir/src/demo05_test_sub.cpp.o[0m
[11.853s] [ 90%] [32m[1mLinking CXX executable demo04_test_pub[0m
[11.920s] [100%] [32m[1mLinking CXX executable demo05_test_sub[0m
[12.438s] [100%] Built target demo04_test_pub
[12.479s] [100%] Built target demo05_test_sub
[12.495s] Invoked command in '/home/jiaxin/test2/build/cpp01_topic' returned '0': CMAKE_PREFIX_PATH=/home/jiaxin/test2/install/base_interfaces_demo:/home/jiaxin/test2/install/cpp01_topic:/opt/ros/humble /usr/bin/cmake --build /home/jiaxin/test2/build/cpp01_topic -- -j4 -l4
[12.566s] Invoking command in '/home/jiaxin/test2/build/cpp01_topic': CMAKE_PREFIX_PATH=/home/jiaxin/test2/install/base_interfaces_demo:/home/jiaxin/test2/install/cpp01_topic:/opt/ros/humble /usr/bin/cmake --install /home/jiaxin/test2/build/cpp01_topic
[12.575s] -- Install configuration: ""
[12.579s] -- Installing: /home/jiaxin/test2/install/cpp01_topic/lib/cpp01_topic/demo01_talker
[12.596s] -- Set runtime path of "/home/jiaxin/test2/install/cpp01_topic/lib/cpp01_topic/demo01_talker" to ""
[12.596s] -- Installing: /home/jiaxin/test2/install/cpp01_topic/lib/cpp01_topic/demo02_transfer
[12.616s] -- Set runtime path of "/home/jiaxin/test2/install/cpp01_topic/lib/cpp01_topic/demo02_transfer" to ""
[12.616s] -- Up-to-date: /home/jiaxin/test2/install/cpp01_topic/lib/cpp01_topic/demo03_listener
[12.617s] -- Up-to-date: /home/jiaxin/test2/install/cpp01_topic/share/ament_index/resource_index/package_run_dependencies/cpp01_topic
[12.617s] -- Installing: /home/jiaxin/test2/install/cpp01_topic/share/ament_index/resource_index/parent_prefix_path/cpp01_topic
[12.618s] -- Up-to-date: /home/jiaxin/test2/install/cpp01_topic/share/cpp01_topic/environment/ament_prefix_path.sh
[12.618s] -- Installing: /home/jiaxin/test2/install/cpp01_topic/share/cpp01_topic/environment/ament_prefix_path.dsv
[12.618s] -- Up-to-date: /home/jiaxin/test2/install/cpp01_topic/share/cpp01_topic/environment/path.sh
[12.618s] -- Installing: /home/jiaxin/test2/install/cpp01_topic/share/cpp01_topic/environment/path.dsv
[12.622s] -- Up-to-date: /home/jiaxin/test2/install/cpp01_topic/share/cpp01_topic/local_setup.bash
[12.623s] -- Up-to-date: /home/jiaxin/test2/install/cpp01_topic/share/cpp01_topic/local_setup.sh
[12.624s] -- Up-to-date: /home/jiaxin/test2/install/cpp01_topic/share/cpp01_topic/local_setup.zsh
[12.629s] -- Installing: /home/jiaxin/test2/install/cpp01_topic/share/cpp01_topic/local_setup.dsv
[12.634s] -- Installing: /home/jiaxin/test2/install/cpp01_topic/share/cpp01_topic/package.dsv
[12.634s] -- Up-to-date: /home/jiaxin/test2/install/cpp01_topic/share/ament_index/resource_index/packages/cpp01_topic
[12.634s] -- Up-to-date: /home/jiaxin/test2/install/cpp01_topic/share/cpp01_topic/cmake/cpp01_topicConfig.cmake
[12.635s] -- Up-to-date: /home/jiaxin/test2/install/cpp01_topic/share/cpp01_topic/cmake/cpp01_topicConfig-version.cmake
[12.635s] -- Up-to-date: /home/jiaxin/test2/install/cpp01_topic/share/cpp01_topic/package.xml
[12.635s] Invoked command in '/home/jiaxin/test2/build/cpp01_topic' returned '0': CMAKE_PREFIX_PATH=/home/jiaxin/test2/install/base_interfaces_demo:/home/jiaxin/test2/install/cpp01_topic:/opt/ros/humble /usr/bin/cmake --install /home/jiaxin/test2/build/cpp01_topic
