In file included from [01m[K/opt/ros/humble/include/rclcpp/rclcpp/logging.hpp:24[m[K,
                 from [01m[K/opt/ros/humble/include/rclcpp/rclcpp/client.hpp:40[m[K,
                 from [01m[K/opt/ros/humble/include/rclcpp/rclcpp/callback_group.hpp:23[m[K,
                 from [01m[K/opt/ros/humble/include/rclcpp/rclcpp/any_executable.hpp:20[m[K,
                 from [01m[K/opt/ros/humble/include/rclcpp/rclcpp/memory_strategy.hpp:25[m[K,
                 from [01m[K/opt/ros/humble/include/rclcpp/rclcpp/memory_strategies.hpp:18[m[K,
                 from [01m[K/opt/ros/humble/include/rclcpp/rclcpp/executor_options.hpp:20[m[K,
                 from [01m[K/opt/ros/humble/include/rclcpp/rclcpp/executor.hpp:37[m[K,
                 from [01m[K/opt/ros/humble/include/rclcpp/rclcpp/executors/multi_threaded_executor.hpp:25[m[K,
                 from [01m[K/opt/ros/humble/include/rclcpp/rclcpp/executors.hpp:21[m[K,
                 from [01m[K/opt/ros/humble/include/rclcpp/rclcpp/rclcpp.hpp:155[m[K,
                 from [01m[K/home/jiaxin/test2/src/cpp01_topic/src/demo02_transfer.cpp:6[m[K:
[01m[K/home/jiaxin/test2/src/cpp01_topic/src/demo02_transfer.cpp:[m[K In member function ‘[01m[Kvoid Transfer::on_timer()[m[K’:
[01m[K/home/jiaxin/test2/src/cpp01_topic/src/demo02_transfer.cpp:42:39:[m[K [01;35m[Kwarning: [m[Kformat ‘[01m[K%f[m[K’ expects argument of type ‘[01m[Kdouble[m[K’, but argument 7 has type ‘[01m[Kint[m[K’ [[01;35m[K]8;;https://gcc.gnu.org/onlinedocs/gcc/Warning-Options.html#index-Wformat=-Wformat=]8;;[m[K]
   42 |       RCLCPP_INFO(this->get_logger(), [01;35m[K"Output:driver_override_speed=%d,fahrzeug_zustand=%d,heartbeat_out=%.2f"[m[K, output.driver_override_speed,output.fahrzeug_zustand,[32m[Koutput.heartbeat_out[m[K);
      |                                       [01;35m[K^~~~~~~~~~~~~~~~~~~~~~~~~~~~~~~~~~~~~~~~~~~~~~~~~~~~~~~~~~~~~~~~~~~~~~~~[m[K                                                       [32m[K~~~~~~~~~~~~~~~~~~~~[m[K
      |                                                                                                                                                                             [32m[K|[m[K
      |                                                                                                                                                                             [32m[Kint[m[K
[01m[K/home/jiaxin/test2/src/cpp01_topic/src/demo02_transfer.cpp:42:109:[m[K [01;36m[Knote: [m[Kformat string is defined here
   42 |       RCLCPP_INFO(this->get_logger(), "Output:driver_override_speed=%d,fahrzeug_zustand=%d,heartbeat_out=[01;36m[K%.2f[m[K", output.driver_override_speed,output.fahrzeug_zustand,output.heartbeat_out);
      |                                                                                                          [01;36m[K~~~^[m[K
      |                                                                                                             [01;36m[K|[m[K
      |                                                                                                             [01;36m[Kdouble[m[K
      |                                                                                                          [32m[K%.2d[m[K
