In file included from [01m[K/opt/ros/humble/include/rclcpp/rclcpp/logging.hpp:24[m[K,
                 from [01m[K/opt/ros/humble/include/rclcpp/rclcpp/client.hpp:40[m[K,
                 from [01m[K/opt/ros/humble/include/rclcpp/rclcpp/callback_group.hpp:23[m[K,
                 from [01m[K/opt/ros/humble/include/rclcpp/rclcpp/any_executable.hpp:20[m[K,
                 from [01m[K/opt/ros/humble/include/rclcpp/rclcpp/memory_strategy.hpp:25[m[K,
                 from [01m[K/opt/ros/humble/include/rclcpp/rclcpp/memory_strategies.hpp:18[m[K,
                 from [01m[K/opt/ros/humble/include/rclcpp/rclcpp/executor_options.hpp:20[m[K,
                 from [01m[K/opt/ros/humble/include/rclcpp/rclcpp/executor.hpp:37[m[K,
                 from [01m[K/opt/ros/humble/include/rclcpp/rclcpp/executors/multi_threaded_executor.hpp:25[m[K,
                 from [01m[K/opt/ros/humble/include/rclcpp/rclcpp/executors.hpp:21[m[K,
                 from [01m[K/opt/ros/humble/include/rclcpp/rclcpp/rclcpp.hpp:155[m[K,
                 from [01m[K/home/jiaxin/test2/src/cpp01_topic/src/demo03_listener.cpp:6[m[K:
[01m[K/home/jiaxin/test2/src/cpp01_topic/src/demo03_listener.cpp:[m[K In member function ‘[01m[Kvoid ListenerOut::do_cb(const InputIPARAAPIFnct&) const[m[K’:
[01m[K/home/jiaxin/test2/src/cpp01_topic/src/demo03_listener.cpp:26:39:[m[K [01;35m[Kwarning: [m[Kformat ‘[01m[K%d[m[K’ expects argument of type ‘[01m[Kint[m[K’, but argument 6 has type ‘[01m[Kdouble[m[K’ [[01;35m[K]8;;https://gcc.gnu.org/onlinedocs/gcc/Warning-Options.html#index-Wformat=-Wformat=]8;;[m[K]
   26 |       RCLCPP_INFO(this->get_logger(), [01;35m[K"Output:change_gear_position=%d,accel_des=%d,steering_angle=%d"[m[K, output.change_gear_position,[32m[Koutput.accel_des[m[K,output.steering_angle);
      |                                       [01;35m[K^~~~~~~~~~~~~~~~~~~~~~~~~~~~~~~~~~~~~~~~~~~~~~~~~~~~~~~~~~~~~~~[m[K                              [32m[K~~~~~~~~~~~~~~~~[m[K
      |                                                                                                                                           [32m[K|[m[K
      |                                                                                                                                           [32m[Kdouble[m[K
[01m[K/home/jiaxin/test2/src/cpp01_topic/src/demo03_listener.cpp:26:82:[m[K [01;36m[Knote: [m[Kformat string is defined here
   26 |       RCLCPP_INFO(this->get_logger(), "Output:change_gear_position=%d,accel_des=[01;36m[K%d[m[K,steering_angle=%d", output.change_gear_position,output.accel_des,output.steering_angle);
      |                                                                                 [01;36m[K~^[m[K
      |                                                                                  [01;36m[K|[m[K
      |                                                                                  [01;36m[Kint[m[K
      |                                                                                 [32m[K%f[m[K
In file included from [01m[K/opt/ros/humble/include/rclcpp/rclcpp/logging.hpp:24[m[K,
                 from [01m[K/opt/ros/humble/include/rclcpp/rclcpp/client.hpp:40[m[K,
                 from [01m[K/opt/ros/humble/include/rclcpp/rclcpp/callback_group.hpp:23[m[K,
                 from [01m[K/opt/ros/humble/include/rclcpp/rclcpp/any_executable.hpp:20[m[K,
                 from [01m[K/opt/ros/humble/include/rclcpp/rclcpp/memory_strategy.hpp:25[m[K,
                 from [01m[K/opt/ros/humble/include/rclcpp/rclcpp/memory_strategies.hpp:18[m[K,
                 from [01m[K/opt/ros/humble/include/rclcpp/rclcpp/executor_options.hpp:20[m[K,
                 from [01m[K/opt/ros/humble/include/rclcpp/rclcpp/executor.hpp:37[m[K,
                 from [01m[K/opt/ros/humble/include/rclcpp/rclcpp/executors/multi_threaded_executor.hpp:25[m[K,
                 from [01m[K/opt/ros/humble/include/rclcpp/rclcpp/executors.hpp:21[m[K,
                 from [01m[K/opt/ros/humble/include/rclcpp/rclcpp/rclcpp.hpp:155[m[K,
                 from [01m[K/home/jiaxin/test2/src/cpp01_topic/src/demo03_listener.cpp:6[m[K:
[01m[K/home/jiaxin/test2/src/cpp01_topic/src/demo03_listener.cpp:26:39:[m[K [01;35m[Kwarning: [m[Kformat ‘[01m[K%d[m[K’ expects argument of type ‘[01m[Kint[m[K’, but argument 7 has type ‘[01m[Kdouble[m[K’ [[01;35m[K]8;;https://gcc.gnu.org/onlinedocs/gcc/Warning-Options.html#index-Wformat=-Wformat=]8;;[m[K]
   26 |       RCLCPP_INFO(this->get_logger(), [01;35m[K"Output:change_gear_position=%d,accel_des=%d,steering_angle=%d"[m[K, output.change_gear_position,output.accel_des,[32m[Koutput.steering_angle[m[K);
      |                                       [01;35m[K^~~~~~~~~~~~~~~~~~~~~~~~~~~~~~~~~~~~~~~~~~~~~~~~~~~~~~~~~~~~~~~[m[K                                               [32m[K~~~~~~~~~~~~~~~~~~~~~[m[K
      |                                                                                                                                                            [32m[K|[m[K
      |                                                                                                                                                            [32m[Kdouble[m[K
[01m[K/home/jiaxin/test2/src/cpp01_topic/src/demo03_listener.cpp:26:100:[m[K [01;36m[Knote: [m[Kformat string is defined here
   26 |       RCLCPP_INFO(this->get_logger(), "Output:change_gear_position=%d,accel_des=%d,steering_angle=[01;36m[K%d[m[K", output.change_gear_position,output.accel_des,output.steering_angle);
      |                                                                                                   [01;36m[K~^[m[K
      |                                                                                                    [01;36m[K|[m[K
      |                                                                                                    [01;36m[Kint[m[K
      |                                                                                                   [32m[K%f[m[K
