[0.190s] Invoking command in '/home/jiaxin/test2/build/cpp01_topic': CMAKE_PREFIX_PATH=/home/jiaxin/test2/install/base_interfaces_demo:/home/jiaxin/test2/install/cpp01_topic:/opt/ros/humble /usr/bin/cmake --build /home/jiaxin/test2/build/cpp01_topic -- -j4 -l4
[0.243s] [35m[1mConsolidate compiler generated dependencies of target demo01_talker[0m
[0.260s] [ 33%] Built target demo03_listener
[0.262s] [ 50%] [32mBuilding CXX object CMakeFiles/demo02_transfer.dir/src/demo02_transfer.cpp.o[0m
[0.272s] [ 83%] Built target demo01_talker
[18.646s] [100%] [32m[1mLinking CXX executable demo02_transfer[0m
[19.575s] [100%] Built target demo02_transfer
[19.607s] Invoked command in '/home/jiaxin/test2/build/cpp01_topic' returned '0': CMAKE_PREFIX_PATH=/home/jiaxin/test2/install/base_interfaces_demo:/home/jiaxin/test2/install/cpp01_topic:/opt/ros/humble /usr/bin/cmake --build /home/jiaxin/test2/build/cpp01_topic -- -j4 -l4
[19.690s] Invoking command in '/home/jiaxin/test2/build/cpp01_topic': CMAKE_PREFIX_PATH=/home/jiaxin/test2/install/base_interfaces_demo:/home/jiaxin/test2/install/cpp01_topic:/opt/ros/humble /usr/bin/cmake --install /home/jiaxin/test2/build/cpp01_topic
[19.700s] -- Install configuration: ""
[19.700s] -- Up-to-date: /home/jiaxin/test2/install/cpp01_topic/lib/cpp01_topic/demo01_talker
[19.701s] -- Installing: /home/jiaxin/test2/install/cpp01_topic/lib/cpp01_topic/demo02_transfer
[19.709s] -- Set runtime path of "/home/jiaxin/test2/install/cpp01_topic/lib/cpp01_topic/demo02_transfer" to ""
[19.709s] -- Up-to-date: /home/jiaxin/test2/install/cpp01_topic/lib/cpp01_topic/demo03_listener
[19.709s] -- Up-to-date: /home/jiaxin/test2/install/cpp01_topic/share/ament_index/resource_index/package_run_dependencies/cpp01_topic
[19.710s] -- Up-to-date: /home/jiaxin/test2/install/cpp01_topic/share/ament_index/resource_index/parent_prefix_path/cpp01_topic
[19.710s] -- Up-to-date: /home/jiaxin/test2/install/cpp01_topic/share/cpp01_topic/environment/ament_prefix_path.sh
[19.710s] -- Up-to-date: /home/jiaxin/test2/install/cpp01_topic/share/cpp01_topic/environment/ament_prefix_path.dsv
[19.711s] -- Up-to-date: /home/jiaxin/test2/install/cpp01_topic/share/cpp01_topic/environment/path.sh
[19.711s] -- Up-to-date: /home/jiaxin/test2/install/cpp01_topic/share/cpp01_topic/environment/path.dsv
[19.711s] -- Up-to-date: /home/jiaxin/test2/install/cpp01_topic/share/cpp01_topic/local_setup.bash
[19.712s] -- Up-to-date: /home/jiaxin/test2/install/cpp01_topic/share/cpp01_topic/local_setup.sh
[19.712s] -- Up-to-date: /home/jiaxin/test2/install/cpp01_topic/share/cpp01_topic/local_setup.zsh
[19.712s] -- Up-to-date: /home/jiaxin/test2/install/cpp01_topic/share/cpp01_topic/local_setup.dsv
[19.712s] -- Installing: /home/jiaxin/test2/install/cpp01_topic/share/cpp01_topic/package.dsv
[19.713s] -- Up-to-date: /home/jiaxin/test2/install/cpp01_topic/share/ament_index/resource_index/packages/cpp01_topic
[19.714s] -- Up-to-date: /home/jiaxin/test2/install/cpp01_topic/share/cpp01_topic/cmake/cpp01_topicConfig.cmake
[19.715s] -- Up-to-date: /home/jiaxin/test2/install/cpp01_topic/share/cpp01_topic/cmake/cpp01_topicConfig-version.cmake
[19.717s] -- Up-to-date: /home/jiaxin/test2/install/cpp01_topic/share/cpp01_topic/package.xml
[19.719s] Invoked command in '/home/jiaxin/test2/build/cpp01_topic' returned '0': CMAKE_PREFIX_PATH=/home/jiaxin/test2/install/base_interfaces_demo:/home/jiaxin/test2/install/cpp01_topic:/opt/ros/humble /usr/bin/cmake --install /home/jiaxin/test2/build/cpp01_topic
